2023.12.07 18:35:04 INFO  Started: Metals version 1.1.0 in folders '/home/sam/Desktop/LinguaggiDiProg/Scala/EsempiLezioni' for client Visual Studio Code 1.84.2.
2023.12.07 18:35:10 INFO  Running List(/home/sam/.local/share/coursier/bin/scala-cli, setup-ide, /home/sam/Desktop/LinguaggiDiProg/Scala/EsempiLezioni)
2023.12.07 18:35:10 INFO  Attempting to connect to the build server...
2023.12.07 18:35:10 INFO  Running BSP server List(/home/sam/.local/share/coursier/bin/.scala-cli.aux, bsp, --json-options, /home/sam/Desktop/LinguaggiDiProg/Scala/EsempiLezioni/.scala-build/ide-options-v2.json, /home/sam/Desktop/LinguaggiDiProg/Scala/EsempiLezioni)
2023.12.07 18:35:10 INFO  tracing is disabled for protocol BSP, to enable tracing of incoming and outgoing JSON messages create an empty file at /home/sam/Desktop/LinguaggiDiProg/Scala/EsempiLezioni/.metals/bsp.trace.json or /home/sam/.cache/metals/bsp.trace.json
2023.12.07 18:35:11 INFO  BSP server: Downloading https://repo1.maven.org/maven2/io/github/alexarchambault/bleep/bloop-frontend_2.12/1.5.11-sc-3/bloop-frontend_2.12-1.5.11-sc-3.pom
2023.12.07 18:35:11 INFO  BSP server: Downloaded https://repo1.maven.org/maven2/io/github/alexarchambault/bleep/bloop-frontend_2.12/1.5.11-sc-3/bloop-frontend_2.12-1.5.11-sc-3.pom
2023.12.07 18:35:11 INFO  BSP server: Downloading https://repo1.maven.org/maven2/ch/qos/logback/logback-classic/1.4.6/logback-classic-1.4.6.pom
2023.12.07 18:35:11 INFO  BSP server: Downloading https://repo1.maven.org/maven2/ch/epfl/scala/bloop-config_2.12/1.5.5/bloop-config_2.12-1.5.5.pom
2023.12.07 18:35:11 INFO  BSP server: Downloading https://repo1.maven.org/maven2/com/github/alexarchambault/case-app_2.12/2.0.6/case-app_2.12-2.0.6.pom
2023.12.07 18:35:11 INFO  BSP server: Downloading https://repo1.maven.org/maven2/ch/epfl/scala/scala-debug-adapter_2.12/3.1.4/scala-debug-adapter_2.12-3.1.4.pom
2023.12.07 18:35:11 INFO  BSP server: Downloading https://repo1.maven.org/maven2/io/github/alexarchambault/libdaemon/libdaemon_2.12/0.0.11/libdaemon_2.12-0.0.11.pom
2023.12.07 18:35:11 INFO  BSP server: Downloading https://repo1.maven.org/maven2/org/scala-lang/scala-library/2.12.18/scala-library-2.12.18.pom
2023.12.07 18:35:11 INFO  BSP server: Downloaded https://repo1.maven.org/maven2/ch/qos/logback/logback-classic/1.4.6/logback-classic-1.4.6.pom
2023.12.07 18:35:11 INFO  BSP server: Downloading https://repo1.maven.org/maven2/io/github/alexarchambault/bleep/bloop-backend_2.12/1.5.11-sc-3/bloop-backend_2.12-1.5.11-sc-3.pom
2023.12.07 18:35:11 INFO  BSP server: Downloaded https://repo1.maven.org/maven2/io/github/alexarchambault/libdaemon/libdaemon_2.12/0.0.11/libdaemon_2.12-0.0.11.pom
2023.12.07 18:35:11 INFO  BSP server: Downloaded https://repo1.maven.org/maven2/org/scala-lang/scala-library/2.12.18/scala-library-2.12.18.pom
2023.12.07 18:35:11 INFO  BSP server: Downloaded https://repo1.maven.org/maven2/ch/epfl/scala/bloop-config_2.12/1.5.5/bloop-config_2.12-1.5.5.pom
2023.12.07 18:35:11 INFO  BSP server: Downloaded https://repo1.maven.org/maven2/com/github/alexarchambault/case-app_2.12/2.0.6/case-app_2.12-2.0.6.pom
2023.12.07 18:35:11 INFO  BSP server: Downloaded https://repo1.maven.org/maven2/io/github/alexarchambault/bleep/bloop-backend_2.12/1.5.11-sc-3/bloop-backend_2.12-1.5.11-sc-3.pom
2023.12.07 18:35:11 INFO  BSP server: Downloaded https://repo1.maven.org/maven2/ch/epfl/scala/scala-debug-adapter_2.12/3.1.4/scala-debug-adapter_2.12-3.1.4.pom
2023.12.07 18:35:11 INFO  BSP server: Downloading https://repo1.maven.org/maven2/ch/qos/logback/logback-parent/1.4.6/logback-parent-1.4.6.pom
2023.12.07 18:35:11 INFO  BSP server: Downloaded https://repo1.maven.org/maven2/ch/qos/logback/logback-parent/1.4.6/logback-parent-1.4.6.pom
2023.12.07 18:35:11 INFO  BSP server: Downloading https://repo1.maven.org/maven2/com/lihaoyi/pprint_2.12/0.8.1/pprint_2.12-0.8.1.pom
2023.12.07 18:35:11 INFO  BSP server: Downloading https://repo1.maven.org/maven2/org/zeroturnaround/zt-zip/1.16/zt-zip-1.16.pom
2023.12.07 18:35:11 INFO  BSP server: Downloading https://repo1.maven.org/maven2/com/github/alexarchambault/case-app-annotations_2.12/2.0.6/case-app-annotations_2.12-2.0.6.pom
2023.12.07 18:35:11 INFO  BSP server: Downloading https://repo1.maven.org/maven2/ch/epfl/scala/directory-watcher/0.8.0+6-f651bd93/directory-watcher-0.8.0+6-f651bd93.pom
2023.12.07 18:35:11 INFO  BSP server: Downloading https://repo1.maven.org/maven2/io/zipkin/brave/brave/5.16.0/brave-5.16.0.pom
2023.12.07 18:35:11 INFO  BSP server: Downloading https://repo1.maven.org/maven2/ch/epfl/scala/com-microsoft-java-debug-core/0.34.0+20/com-microsoft-java-debug-core-0.34.0+20.pom
2023.12.07 18:35:11 INFO  BSP server: Downloaded https://repo1.maven.org/maven2/com/lihaoyi/pprint_2.12/0.8.1/pprint_2.12-0.8.1.pom
2023.12.07 18:35:11 INFO  BSP server: Downloading https://repo1.maven.org/maven2/org/scala-sbt/librarymanagement-ivy_2.12/1.9.3/librarymanagement-ivy_2.12-1.9.3.pom
2023.12.07 18:35:11 INFO  BSP server: Downloaded https://repo1.maven.org/maven2/ch/epfl/scala/com-microsoft-java-debug-core/0.34.0+20/com-microsoft-java-debug-core-0.34.0+20.pom
2023.12.07 18:35:11 INFO  BSP server: Downloading https://repo1.maven.org/maven2/org/scalaz/scalaz-core_2.12/7.3.7/scalaz-core_2.12-7.3.7.pom
2023.12.07 18:35:11 INFO  BSP server: Downloaded https://repo1.maven.org/maven2/org/zeroturnaround/zt-zip/1.16/zt-zip-1.16.pom
2023.12.07 18:35:11 INFO  BSP server: Downloading https://repo1.maven.org/maven2/io/github/alexarchambault/bleep/nailgun-server/1.0.7/nailgun-server-1.0.7.pom
2023.12.07 18:35:11 INFO  BSP server: Downloaded https://repo1.maven.org/maven2/ch/epfl/scala/directory-watcher/0.8.0+6-f651bd93/directory-watcher-0.8.0+6-f651bd93.pom
2023.12.07 18:35:11 INFO  BSP server: Downloading https://repo1.maven.org/maven2/com/github/alexarchambault/case-app-util_2.12/2.0.6/case-app-util_2.12-2.0.6.pom
2023.12.07 18:35:11 INFO  BSP server: Downloaded https://repo1.maven.org/maven2/com/github/alexarchambault/case-app-annotations_2.12/2.0.6/case-app-annotations_2.12-2.0.6.pom
2023.12.07 18:35:11 INFO  BSP server: Downloading https://repo1.maven.org/maven2/io/monix/monix_2.12/3.2.0/monix_2.12-3.2.0.pom
2023.12.07 18:35:11 INFO  BSP server: Downloaded https://repo1.maven.org/maven2/io/zipkin/brave/brave/5.16.0/brave-5.16.0.pom
2023.12.07 18:35:11 INFO  BSP server: Downloading https://repo1.maven.org/maven2/com/github/plokhotnyuk/jsoniter-scala/jsoniter-scala-core_2.12/2.4.0/jsoniter-scala-core_2.12-2.4.0.pom
2023.12.07 18:35:11 INFO  BSP server: Downloaded https://repo1.maven.org/maven2/org/scala-sbt/librarymanagement-ivy_2.12/1.9.3/librarymanagement-ivy_2.12-1.9.3.pom
2023.12.07 18:35:11 INFO  BSP server: Downloading https://repo1.maven.org/maven2/org/scala-sbt/test-agent/1.8.3/test-agent-1.8.3.pom
2023.12.07 18:35:11 INFO  BSP server: Downloaded https://repo1.maven.org/maven2/io/monix/monix_2.12/3.2.0/monix_2.12-3.2.0.pom
2023.12.07 18:35:11 INFO  BSP server: Downloading https://repo1.maven.org/maven2/ch/qos/logback/logback-core/1.4.6/logback-core-1.4.6.pom
2023.12.07 18:35:11 INFO  BSP server: Downloaded https://repo1.maven.org/maven2/org/scala-sbt/test-agent/1.8.3/test-agent-1.8.3.pom
2023.12.07 18:35:11 INFO  BSP server: Downloading https://repo1.maven.org/maven2/com/lihaoyi/sourcecode_2.12/0.3.1/sourcecode_2.12-0.3.1.pom
2023.12.07 18:35:11 INFO  BSP server: Downloaded https://repo1.maven.org/maven2/org/scalaz/scalaz-core_2.12/7.3.7/scalaz-core_2.12-7.3.7.pom
2023.12.07 18:35:11 INFO  BSP server: Downloading https://repo1.maven.org/maven2/io/zipkin/reporter2/zipkin-sender-urlconnection/2.16.4/zipkin-sender-urlconnection-2.16.4.pom
2023.12.07 18:35:11 INFO  BSP server: Downloaded https://repo1.maven.org/maven2/io/github/alexarchambault/bleep/nailgun-server/1.0.7/nailgun-server-1.0.7.pom
2023.12.07 18:35:11 INFO  BSP server: Downloading https://repo1.maven.org/maven2/org/scala-lang/modules/scala-collection-compat_2.12/2.11.0/scala-collection-compat_2.12-2.11.0.pom
2023.12.07 18:35:11 INFO  BSP server: Downloaded https://repo1.maven.org/maven2/com/github/plokhotnyuk/jsoniter-scala/jsoniter-scala-core_2.12/2.4.0/jsoniter-scala-core_2.12-2.4.0.pom
2023.12.07 18:35:11 INFO  BSP server: Downloaded https://repo1.maven.org/maven2/com/github/alexarchambault/case-app-util_2.12/2.0.6/case-app-util_2.12-2.0.6.pom
2023.12.07 18:35:11 INFO  BSP server: Downloading https://repo1.maven.org/maven2/org/scala-lang/scala-reflect/2.12.18/scala-reflect-2.12.18.pom
2023.12.07 18:35:11 INFO  BSP server: Downloaded https://repo1.maven.org/maven2/ch/qos/logback/logback-core/1.4.6/logback-core-1.4.6.pom
2023.12.07 18:35:11 INFO  BSP server: Downloading https://repo1.maven.org/maven2/io/github/alexarchambault/bleep/bloop-shared_2.12/1.5.11-sc-3/bloop-shared_2.12-1.5.11-sc-3.pom
2023.12.07 18:35:11 INFO  BSP server: Downloaded https://repo1.maven.org/maven2/io/zipkin/reporter2/zipkin-sender-urlconnection/2.16.4/zipkin-sender-urlconnection-2.16.4.pom
2023.12.07 18:35:11 INFO  BSP server: Downloading https://repo1.maven.org/maven2/org/slf4j/slf4j-api/2.0.4/slf4j-api-2.0.4.pom
2023.12.07 18:35:11 INFO  BSP server: Downloading https://repo1.maven.org/maven2/org/ow2/asm/asm-util/9.6/asm-util-9.6.pom
2023.12.07 18:35:11 INFO  BSP server: Downloaded https://repo1.maven.org/maven2/com/lihaoyi/sourcecode_2.12/0.3.1/sourcecode_2.12-0.3.1.pom
2023.12.07 18:35:11 INFO  BSP server: Downloading https://repo1.maven.org/maven2/org/ow2/asm/asm/9.6/asm-9.6.pom
2023.12.07 18:35:11 INFO  BSP server: Downloaded https://repo1.maven.org/maven2/org/scala-lang/modules/scala-collection-compat_2.12/2.11.0/scala-collection-compat_2.12-2.11.0.pom
2023.12.07 18:35:11 INFO  BSP server: Downloaded https://repo1.maven.org/maven2/io/github/alexarchambault/bleep/bloop-shared_2.12/1.5.11-sc-3/bloop-shared_2.12-1.5.11-sc-3.pom
2023.12.07 18:35:11 INFO  BSP server: Downloaded https://repo1.maven.org/maven2/org/scala-lang/scala-reflect/2.12.18/scala-reflect-2.12.18.pom
2023.12.07 18:35:11 INFO  BSP server: Downloaded https://repo1.maven.org/maven2/org/ow2/asm/asm-util/9.6/asm-util-9.6.pom
2023.12.07 18:35:11 INFO  BSP server: Downloaded https://repo1.maven.org/maven2/org/slf4j/slf4j-api/2.0.4/slf4j-api-2.0.4.pom
2023.12.07 18:35:11 INFO  BSP server: Downloaded https://repo1.maven.org/maven2/org/ow2/asm/asm/9.6/asm-9.6.pom
2023.12.07 18:35:11 INFO  BSP server: Downloading https://repo1.maven.org/maven2/io/zipkin/brave/brave-parent/5.16.0/brave-parent-5.16.0.pom
2023.12.07 18:35:11 INFO  BSP server: Downloading https://repo1.maven.org/maven2/org/slf4j/slf4j-parent/2.0.4/slf4j-parent-2.0.4.pom
2023.12.07 18:35:11 INFO  BSP server: Downloading https://repo1.maven.org/maven2/io/zipkin/reporter2/zipkin-reporter-parent/2.16.4/zipkin-reporter-parent-2.16.4.pom
2023.12.07 18:35:11 INFO  BSP server: Downloading https://repo1.maven.org/maven2/org/ow2/ow2/1.5.1/ow2-1.5.1.pom
2023.12.07 18:35:11 INFO  BSP server: Downloaded https://repo1.maven.org/maven2/io/zipkin/brave/brave-parent/5.16.0/brave-parent-5.16.0.pom
2023.12.07 18:35:11 INFO  BSP server: Downloaded https://repo1.maven.org/maven2/io/zipkin/reporter2/zipkin-reporter-parent/2.16.4/zipkin-reporter-parent-2.16.4.pom
2023.12.07 18:35:11 INFO  BSP server: Downloaded https://repo1.maven.org/maven2/org/slf4j/slf4j-parent/2.0.4/slf4j-parent-2.0.4.pom
2023.12.07 18:35:11 INFO  BSP server: Downloaded https://repo1.maven.org/maven2/org/ow2/ow2/1.5.1/ow2-1.5.1.pom
2023.12.07 18:35:11 INFO  BSP server: Downloading https://repo1.maven.org/maven2/org/ow2/asm/asm-tree/9.6/asm-tree-9.6.pom
2023.12.07 18:35:11 INFO  BSP server: Downloading https://repo1.maven.org/maven2/io/reactivex/rxjava2/rxjava/2.2.21/rxjava-2.2.21.pom
2023.12.07 18:35:11 INFO  BSP server: Downloading https://repo1.maven.org/maven2/io/monix/monix-execution_2.12/3.2.0/monix-execution_2.12-3.2.0.pom
2023.12.07 18:35:11 INFO  BSP server: Downloading https://repo1.maven.org/maven2/io/monix/monix-java_2.12/3.2.0/monix-java_2.12-3.2.0.pom
2023.12.07 18:35:11 INFO  BSP server: Downloading https://repo1.maven.org/maven2/org/apache/commons/commons-lang3/3.13.0/commons-lang3-3.13.0.pom
2023.12.07 18:35:11 INFO  BSP server: Downloading https://repo1.maven.org/maven2/net/jpountz/lz4/lz4/1.3.0/lz4-1.3.0.pom
2023.12.07 18:35:11 INFO  BSP server: Downloaded https://repo1.maven.org/maven2/org/ow2/asm/asm-tree/9.6/asm-tree-9.6.pom
2023.12.07 18:35:11 INFO  BSP server: Downloading https://repo1.maven.org/maven2/com/chuusai/shapeless_2.12/2.3.3/shapeless_2.12-2.3.3.pom
2023.12.07 18:35:11 INFO  BSP server: Downloaded https://repo1.maven.org/maven2/io/reactivex/rxjava2/rxjava/2.2.21/rxjava-2.2.21.pom
2023.12.07 18:35:11 INFO  BSP server: Downloading https://repo1.maven.org/maven2/org/reactivestreams/reactive-streams/1.0.4/reactive-streams-1.0.4.pom
2023.12.07 18:35:11 INFO  BSP server: Downloaded https://repo1.maven.org/maven2/io/monix/monix-java_2.12/3.2.0/monix-java_2.12-3.2.0.pom
2023.12.07 18:35:11 INFO  BSP server: Downloading https://repo1.maven.org/maven2/org/scala-sbt/test-agent/1.9.7/test-agent-1.9.7.pom
2023.12.07 18:35:11 INFO  BSP server: Downloaded https://repo1.maven.org/maven2/com/chuusai/shapeless_2.12/2.3.3/shapeless_2.12-2.3.3.pom
2023.12.07 18:35:11 INFO  BSP server: Downloading https://repo1.maven.org/maven2/com/github/plokhotnyuk/jsoniter-scala/jsoniter-scala-core_2.12/2.13.3.2/jsoniter-scala-core_2.12-2.13.3.2.pom
2023.12.07 18:35:12 INFO  BSP server: Downloaded https://repo1.maven.org/maven2/org/scala-sbt/test-agent/1.9.7/test-agent-1.9.7.pom
2023.12.07 18:35:12 INFO  BSP server: Downloading https://repo1.maven.org/maven2/commons-io/commons-io/2.13.0/commons-io-2.13.0.pom
2023.12.07 18:35:12 INFO  BSP server: Downloaded https://repo1.maven.org/maven2/io/monix/monix-execution_2.12/3.2.0/monix-execution_2.12-3.2.0.pom
2023.12.07 18:35:12 INFO  BSP server: Downloaded https://repo1.maven.org/maven2/net/jpountz/lz4/lz4/1.3.0/lz4-1.3.0.pom
2023.12.07 18:35:12 INFO  BSP server: Downloading https://repo1.maven.org/maven2/io/monix/monix-tail_2.12/3.2.0/monix-tail_2.12-3.2.0.pom
2023.12.07 18:35:12 INFO  BSP server: Downloaded https://repo1.maven.org/maven2/org/apache/commons/commons-lang3/3.13.0/commons-lang3-3.13.0.pom
2023.12.07 18:35:12 INFO  BSP server: Downloading https://repo1.maven.org/maven2/io/monix/monix-reactive_2.12/3.2.0/monix-reactive_2.12-3.2.0.pom
2023.12.07 18:35:12 INFO  BSP server: Downloading https://repo1.maven.org/maven2/org/scala-sbt/test-interface/1.0/test-interface-1.0.pom
2023.12.07 18:35:12 INFO  BSP server: Downloaded https://repo1.maven.org/maven2/org/reactivestreams/reactive-streams/1.0.4/reactive-streams-1.0.4.pom
2023.12.07 18:35:12 INFO  BSP server: Downloading https://repo1.maven.org/maven2/org/scala-sbt/zinc_2.12/1.9.5/zinc_2.12-1.9.5.pom
2023.12.07 18:35:12 INFO  BSP server: Downloaded https://repo1.maven.org/maven2/com/github/plokhotnyuk/jsoniter-scala/jsoniter-scala-core_2.12/2.13.3.2/jsoniter-scala-core_2.12-2.13.3.2.pom
2023.12.07 18:35:12 INFO  BSP server: Downloading https://repo1.maven.org/maven2/org/scala-sbt/ivy/ivy/2.3.0-sbt-396a783bba347016e7fe30dacc60d355be607fe2/ivy-2.3.0-sbt-396a783bba347016e7fe30dacc60d355be607fe2.pom
2023.12.07 18:35:12 INFO  BSP server: Downloaded https://repo1.maven.org/maven2/io/monix/monix-reactive_2.12/3.2.0/monix-reactive_2.12-3.2.0.pom
2023.12.07 18:35:12 INFO  BSP server: Downloaded https://repo1.maven.org/maven2/io/monix/monix-tail_2.12/3.2.0/monix-tail_2.12-3.2.0.pom
2023.12.07 18:35:12 INFO  BSP server: Downloading https://repo1.maven.org/maven2/net/java/dev/jna/jna-platform/4.4.0/jna-platform-4.4.0.pom
2023.12.07 18:35:12 INFO  BSP server: Downloading https://repo1.maven.org/maven2/org/apache/logging/log4j/log4j-core/2.21.1/log4j-core-2.21.1.pom
2023.12.07 18:35:12 INFO  BSP server: Downloaded https://repo1.maven.org/maven2/commons-io/commons-io/2.13.0/commons-io-2.13.0.pom
2023.12.07 18:35:12 INFO  BSP server: Downloaded https://repo1.maven.org/maven2/org/scala-sbt/test-interface/1.0/test-interface-1.0.pom
2023.12.07 18:35:12 INFO  BSP server: Downloaded https://repo1.maven.org/maven2/org/scala-sbt/ivy/ivy/2.3.0-sbt-396a783bba347016e7fe30dacc60d355be607fe2/ivy-2.3.0-sbt-396a783bba347016e7fe30dacc60d355be607fe2.pom
2023.12.07 18:35:12 INFO  BSP server: Downloading https://repo1.maven.org/maven2/io/monix/monix-catnap_2.12/3.2.0/monix-catnap_2.12-3.2.0.pom
2023.12.07 18:35:12 INFO  BSP server: Downloaded https://repo1.maven.org/maven2/org/scala-sbt/zinc_2.12/1.9.5/zinc_2.12-1.9.5.pom
2023.12.07 18:35:12 INFO  BSP server: Downloading https://repo1.maven.org/maven2/com/eed3si9n/sjson-new-core_2.12/0.9.0/sjson-new-core_2.12-0.9.0.pom
2023.12.07 18:35:12 INFO  BSP server: Downloading https://repo1.maven.org/maven2/org/scala-sbt/librarymanagement-core_2.12/1.9.3/librarymanagement-core_2.12-1.9.3.pom
2023.12.07 18:35:12 INFO  BSP server: Downloading https://repo1.maven.org/maven2/io/zipkin/reporter2/zipkin-reporter-brave/2.16.3/zipkin-reporter-brave-2.16.3.pom
2023.12.07 18:35:12 INFO  BSP server: Downloaded https://repo1.maven.org/maven2/org/apache/logging/log4j/log4j-core/2.21.1/log4j-core-2.21.1.pom
2023.12.07 18:35:12 INFO  BSP server: Downloading https://repo1.maven.org/maven2/io/get-coursier/interface/1.0.13/interface-1.0.13.pom
2023.12.07 18:35:12 INFO  BSP server: Downloaded https://repo1.maven.org/maven2/org/scala-sbt/librarymanagement-core_2.12/1.9.3/librarymanagement-core_2.12-1.9.3.pom
2023.12.07 18:35:12 INFO  BSP server: Downloading https://repo1.maven.org/maven2/com/lihaoyi/fansi_2.12/0.4.0/fansi_2.12-0.4.0.pom
2023.12.07 18:35:12 INFO  BSP server: Downloaded https://repo1.maven.org/maven2/io/monix/monix-catnap_2.12/3.2.0/monix-catnap_2.12-3.2.0.pom
2023.12.07 18:35:12 INFO  BSP server: Downloading https://repo1.maven.org/maven2/ch/epfl/scala/bsp4s_2.12/2.1.0-M7/bsp4s_2.12-2.1.0-M7.pom
2023.12.07 18:35:12 INFO  BSP server: Downloaded https://repo1.maven.org/maven2/com/eed3si9n/sjson-new-core_2.12/0.9.0/sjson-new-core_2.12-0.9.0.pom
2023.12.07 18:35:12 INFO  BSP server: Downloaded https://repo1.maven.org/maven2/net/java/dev/jna/jna-platform/4.4.0/jna-platform-4.4.0.pom
2023.12.07 18:35:12 INFO  BSP server: Downloading https://repo1.maven.org/maven2/io/monix/monix-eval_2.12/3.2.0/monix-eval_2.12-3.2.0.pom
2023.12.07 18:35:12 INFO  BSP server: Downloaded https://repo1.maven.org/maven2/io/zipkin/reporter2/zipkin-reporter-brave/2.16.3/zipkin-reporter-brave-2.16.3.pom
2023.12.07 18:35:12 INFO  BSP server: Downloading https://repo1.maven.org/maven2/io/zipkin/reporter2/zipkin-reporter/2.16.4/zipkin-reporter-2.16.4.pom
2023.12.07 18:35:12 INFO  BSP server: Downloading https://repo1.maven.org/maven2/net/java/dev/jna/jna/4.5.2/jna-4.5.2.pom
2023.12.07 18:35:12 INFO  BSP server: Downloaded https://repo1.maven.org/maven2/io/get-coursier/interface/1.0.13/interface-1.0.13.pom
2023.12.07 18:35:12 INFO  BSP server: Downloading https://repo1.maven.org/maven2/org/ow2/asm/asm-analysis/9.6/asm-analysis-9.6.pom
2023.12.07 18:35:12 INFO  BSP server: Downloaded https://repo1.maven.org/maven2/com/lihaoyi/fansi_2.12/0.4.0/fansi_2.12-0.4.0.pom
2023.12.07 18:35:12 INFO  BSP server: Downloaded https://repo1.maven.org/maven2/ch/epfl/scala/bsp4s_2.12/2.1.0-M7/bsp4s_2.12-2.1.0-M7.pom
2023.12.07 18:35:12 INFO  BSP server: Downloaded https://repo1.maven.org/maven2/io/monix/monix-eval_2.12/3.2.0/monix-eval_2.12-3.2.0.pom
2023.12.07 18:35:12 INFO  BSP server: Downloaded https://repo1.maven.org/maven2/io/zipkin/reporter2/zipkin-reporter/2.16.4/zipkin-reporter-2.16.4.pom
2023.12.07 18:35:12 INFO  BSP server: Downloaded https://repo1.maven.org/maven2/org/ow2/asm/asm-analysis/9.6/asm-analysis-9.6.pom
2023.12.07 18:35:12 INFO  BSP server: Downloaded https://repo1.maven.org/maven2/net/java/dev/jna/jna/4.5.2/jna-4.5.2.pom
2023.12.07 18:35:12 INFO  BSP server: Downloading https://repo1.maven.org/maven2/org/apache/logging/log4j/log4j/2.21.1/log4j-2.21.1.pom
2023.12.07 18:35:12 INFO  BSP server: Downloading https://repo1.maven.org/maven2/io/zipkin/reporter2/zipkin-reporter-parent/2.16.3/zipkin-reporter-parent-2.16.3.pom
2023.12.07 18:35:12 INFO  BSP server: Downloading https://repo1.maven.org/maven2/org/apache/commons/commons-parent/58/commons-parent-58.pom
2023.12.07 18:35:12 INFO  BSP server: Downloaded https://repo1.maven.org/maven2/io/zipkin/reporter2/zipkin-reporter-parent/2.16.3/zipkin-reporter-parent-2.16.3.pom
2023.12.07 18:35:12 INFO  BSP server: Downloaded https://repo1.maven.org/maven2/org/apache/logging/log4j/log4j/2.21.1/log4j-2.21.1.pom
2023.12.07 18:35:12 INFO  BSP server: Downloaded https://repo1.maven.org/maven2/org/apache/commons/commons-parent/58/commons-parent-58.pom
2023.12.07 18:35:12 INFO  BSP server: Downloading https://repo1.maven.org/maven2/org/apache/logging/log4j/log4j-bom/2.21.1/log4j-bom-2.21.1.pom
2023.12.07 18:35:12 INFO  BSP server: Downloading https://repo1.maven.org/maven2/org/apache/apache/29/apache-29.pom
2023.12.07 18:35:12 INFO  BSP server: Downloaded https://repo1.maven.org/maven2/org/apache/apache/29/apache-29.pom
2023.12.07 18:35:12 INFO  BSP server: Downloaded https://repo1.maven.org/maven2/org/apache/logging/log4j/log4j-bom/2.21.1/log4j-bom-2.21.1.pom
2023.12.07 18:35:12 INFO  BSP server: Downloading https://repo1.maven.org/maven2/org/apache/logging/logging-parent/10.1.1/logging-parent-10.1.1.pom
2023.12.07 18:35:12 INFO  BSP server: Downloaded https://repo1.maven.org/maven2/org/apache/logging/logging-parent/10.1.1/logging-parent-10.1.1.pom
2023.12.07 18:35:12 INFO  BSP server: Downloading https://repo1.maven.org/maven2/org/codehaus/groovy/groovy-bom/3.0.19/groovy-bom-3.0.19.pom
2023.12.07 18:35:12 INFO  BSP server: Downloading https://repo1.maven.org/maven2/org/eclipse/jetty/jetty-bom/9.4.53.v20231009/jetty-bom-9.4.53.v20231009.pom
2023.12.07 18:35:12 INFO  BSP server: Downloading https://repo1.maven.org/maven2/org/mockito/mockito-bom/4.11.0/mockito-bom-4.11.0.pom
2023.12.07 18:35:12 INFO  BSP server: Downloading https://repo1.maven.org/maven2/org/ow2/asm/asm-bom/9.5/asm-bom-9.5.pom
2023.12.07 18:35:12 INFO  BSP server: Downloading https://repo1.maven.org/maven2/io/netty/netty-bom/4.1.97.Final/netty-bom-4.1.97.Final.pom
2023.12.07 18:35:12 INFO  BSP server: Downloading https://repo1.maven.org/maven2/io/fabric8/kubernetes-client-bom/5.12.4/kubernetes-client-bom-5.12.4.pom
2023.12.07 18:35:12 INFO  BSP server: Downloaded https://repo1.maven.org/maven2/org/codehaus/groovy/groovy-bom/3.0.19/groovy-bom-3.0.19.pom
2023.12.07 18:35:12 INFO  BSP server: Downloading https://repo1.maven.org/maven2/jakarta/platform/jakarta.jakartaee-bom/9.1.0/jakarta.jakartaee-bom-9.1.0.pom
2023.12.07 18:35:12 INFO  BSP server: Downloaded https://repo1.maven.org/maven2/org/mockito/mockito-bom/4.11.0/mockito-bom-4.11.0.pom
2023.12.07 18:35:12 INFO  BSP server: Downloaded https://repo1.maven.org/maven2/org/eclipse/jetty/jetty-bom/9.4.53.v20231009/jetty-bom-9.4.53.v20231009.pom
2023.12.07 18:35:12 INFO  BSP server: Downloaded https://repo1.maven.org/maven2/io/netty/netty-bom/4.1.97.Final/netty-bom-4.1.97.Final.pom
2023.12.07 18:35:12 INFO  BSP server: Downloading https://repo1.maven.org/maven2/org/springframework/spring-framework-bom/5.3.29/spring-framework-bom-5.3.29.pom
2023.12.07 18:35:12 INFO  BSP server: Downloaded https://repo1.maven.org/maven2/org/ow2/asm/asm-bom/9.5/asm-bom-9.5.pom
2023.12.07 18:35:12 INFO  BSP server: Downloaded https://repo1.maven.org/maven2/io/fabric8/kubernetes-client-bom/5.12.4/kubernetes-client-bom-5.12.4.pom
2023.12.07 18:35:12 INFO  BSP server: Downloaded https://repo1.maven.org/maven2/jakarta/platform/jakarta.jakartaee-bom/9.1.0/jakarta.jakartaee-bom-9.1.0.pom
2023.12.07 18:35:12 INFO  BSP server: Downloaded https://repo1.maven.org/maven2/org/springframework/spring-framework-bom/5.3.29/spring-framework-bom-5.3.29.pom
2023.12.07 18:35:12 INFO  BSP server: Downloading https://repo1.maven.org/maven2/jakarta/platform/jakartaee-api-parent/9.1.0/jakartaee-api-parent-9.1.0.pom
2023.12.07 18:35:12 INFO  BSP server: Downloaded https://repo1.maven.org/maven2/jakarta/platform/jakartaee-api-parent/9.1.0/jakartaee-api-parent-9.1.0.pom
2023.12.07 18:35:12 INFO  BSP server: Downloading https://repo1.maven.org/maven2/org/eclipse/ee4j/project/1.0.7/project-1.0.7.pom
2023.12.07 18:35:12 INFO  BSP server: Downloaded https://repo1.maven.org/maven2/org/eclipse/ee4j/project/1.0.7/project-1.0.7.pom
2023.12.07 18:35:12 INFO  BSP server: Downloading https://repo1.maven.org/maven2/org/scala-sbt/util-logging_2.12/1.9.1/util-logging_2.12-1.9.1.pom
2023.12.07 18:35:12 INFO  BSP server: Downloading https://repo1.maven.org/maven2/com/eed3si9n/gigahorse-apache-http_2.12/0.7.0/gigahorse-apache-http_2.12-0.7.0.pom
2023.12.07 18:35:12 INFO  BSP server: Downloading https://repo1.maven.org/maven2/io/monix/implicitbox_2.12/0.2.0/implicitbox_2.12-0.2.0.pom
2023.12.07 18:35:12 INFO  BSP server: Downloading https://repo1.maven.org/maven2/me/vican/jorge/jsonrpc4s_2.12/0.1.0/jsonrpc4s_2.12-0.1.0.pom
2023.12.07 18:35:12 INFO  BSP server: Downloading https://repo1.maven.org/maven2/org/scala-sbt/util-cache_2.12/1.9.1/util-cache_2.12-1.9.1.pom
2023.12.07 18:35:12 INFO  BSP server: Downloading https://repo1.maven.org/maven2/org/scala-sbt/util-position_2.12/1.9.1/util-position_2.12-1.9.1.pom
2023.12.07 18:35:12 INFO  BSP server: Downloaded https://repo1.maven.org/maven2/org/scala-sbt/util-cache_2.12/1.9.1/util-cache_2.12-1.9.1.pom
2023.12.07 18:35:12 INFO  BSP server: Downloading https://repo1.maven.org/maven2/org/scala-lang/scala-compiler/2.12.18/scala-compiler-2.12.18.pom
2023.12.07 18:35:12 INFO  BSP server: Downloaded https://repo1.maven.org/maven2/org/scala-sbt/util-logging_2.12/1.9.1/util-logging_2.12-1.9.1.pom
2023.12.07 18:35:12 INFO  BSP server: Downloaded https://repo1.maven.org/maven2/io/monix/implicitbox_2.12/0.2.0/implicitbox_2.12-0.2.0.pom
2023.12.07 18:35:12 INFO  BSP server: Downloading https://repo1.maven.org/maven2/org/scala-sbt/io_2.12/1.9.1/io_2.12-1.9.1.pom
2023.12.07 18:35:12 INFO  BSP server: Downloaded https://repo1.maven.org/maven2/com/eed3si9n/gigahorse-apache-http_2.12/0.7.0/gigahorse-apache-http_2.12-0.7.0.pom
2023.12.07 18:35:12 INFO  BSP server: Downloading https://repo1.maven.org/maven2/org/slf4j/slf4j-api/2.0.6/slf4j-api-2.0.6.pom
2023.12.07 18:35:12 INFO  BSP server: Downloading https://repo1.maven.org/maven2/org/apache/logging/log4j/log4j-api/2.21.1/log4j-api-2.21.1.pom
2023.12.07 18:35:12 INFO  BSP server: Downloaded https://repo1.maven.org/maven2/me/vican/jorge/jsonrpc4s_2.12/0.1.0/jsonrpc4s_2.12-0.1.0.pom
2023.12.07 18:35:12 INFO  BSP server: Downloading https://repo1.maven.org/maven2/org/typelevel/macro-compat_2.12/1.1.1/macro-compat_2.12-1.1.1.pom
2023.12.07 18:35:12 INFO  BSP server: Downloaded https://repo1.maven.org/maven2/org/scala-sbt/util-position_2.12/1.9.1/util-position_2.12-1.9.1.pom
2023.12.07 18:35:12 INFO  BSP server: Downloading https://repo1.maven.org/maven2/org/scala-sbt/launcher-interface/1.0.0/launcher-interface-1.0.0.pom
2023.12.07 18:35:12 INFO  BSP server: Downloaded https://repo1.maven.org/maven2/org/scala-lang/scala-compiler/2.12.18/scala-compiler-2.12.18.pom
2023.12.07 18:35:12 INFO  BSP server: Downloading https://repo1.maven.org/maven2/org/scala-sbt/zinc-classfile_2.12/1.9.5/zinc-classfile_2.12-1.9.5.pom
2023.12.07 18:35:12 INFO  BSP server: Downloaded https://repo1.maven.org/maven2/org/scala-sbt/io_2.12/1.9.1/io_2.12-1.9.1.pom
2023.12.07 18:35:12 INFO  BSP server: Downloading https://repo1.maven.org/maven2/org/scala-sbt/zinc-compile-core_2.12/1.9.5/zinc-compile-core_2.12-1.9.5.pom
2023.12.07 18:35:12 INFO  BSP server: Downloaded https://repo1.maven.org/maven2/org/apache/logging/log4j/log4j-api/2.21.1/log4j-api-2.21.1.pom
2023.12.07 18:35:12 INFO  BSP server: Downloading https://repo1.maven.org/maven2/com/jcraft/jsch/0.1.54/jsch-0.1.54.pom
2023.12.07 18:35:12 INFO  BSP server: Downloaded https://repo1.maven.org/maven2/org/slf4j/slf4j-api/2.0.6/slf4j-api-2.0.6.pom
2023.12.07 18:35:12 INFO  BSP server: Downloading https://repo1.maven.org/maven2/org/scala-lang/modules/scala-xml_2.12/2.1.0/scala-xml_2.12-2.1.0.pom
2023.12.07 18:35:12 INFO  BSP server: Downloaded https://repo1.maven.org/maven2/org/scala-sbt/zinc-classfile_2.12/1.9.5/zinc-classfile_2.12-1.9.5.pom
2023.12.07 18:35:12 INFO  BSP server: Downloaded https://repo1.maven.org/maven2/org/scala-sbt/launcher-interface/1.0.0/launcher-interface-1.0.0.pom
2023.12.07 18:35:12 INFO  BSP server: Downloading https://repo1.maven.org/maven2/org/scala-sbt/zinc-core_2.12/1.9.5/zinc-core_2.12-1.9.5.pom
2023.12.07 18:35:12 INFO  BSP server: Downloading https://repo1.maven.org/maven2/io/zipkin/zipkin2/zipkin/2.23.2/zipkin-2.23.2.pom
2023.12.07 18:35:12 INFO  BSP server: Downloaded https://repo1.maven.org/maven2/org/typelevel/macro-compat_2.12/1.1.1/macro-compat_2.12-1.1.1.pom
2023.12.07 18:35:13 INFO  BSP server: Downloaded https://repo1.maven.org/maven2/org/scala-sbt/zinc-compile-core_2.12/1.9.5/zinc-compile-core_2.12-1.9.5.pom
2023.12.07 18:35:13 INFO  BSP server: Downloading https://repo1.maven.org/maven2/org/typelevel/cats-effect_2.12/2.1.3/cats-effect_2.12-2.1.3.pom
2023.12.07 18:35:13 INFO  BSP server: Downloading https://repo1.maven.org/maven2/org/jctools/jctools-core/2.1.2/jctools-core-2.1.2.pom
2023.12.07 18:35:13 INFO  BSP server: Downloaded https://repo1.maven.org/maven2/com/jcraft/jsch/0.1.54/jsch-0.1.54.pom
2023.12.07 18:35:13 INFO  BSP server: Downloaded https://repo1.maven.org/maven2/io/zipkin/zipkin2/zipkin/2.23.2/zipkin-2.23.2.pom
2023.12.07 18:35:13 INFO  BSP server: Downloaded https://repo1.maven.org/maven2/org/scala-lang/modules/scala-xml_2.12/2.1.0/scala-xml_2.12-2.1.0.pom
2023.12.07 18:35:13 INFO  BSP server: Downloading https://repo1.maven.org/maven2/org/scala-sbt/zinc-persist_2.12/1.9.5/zinc-persist_2.12-1.9.5.pom
2023.12.07 18:35:13 INFO  BSP server: Downloaded https://repo1.maven.org/maven2/org/scala-sbt/zinc-core_2.12/1.9.5/zinc-core_2.12-1.9.5.pom
2023.12.07 18:35:13 INFO  BSP server: Downloaded https://repo1.maven.org/maven2/org/typelevel/cats-effect_2.12/2.1.3/cats-effect_2.12-2.1.3.pom
2023.12.07 18:35:13 INFO  BSP server: Downloaded https://repo1.maven.org/maven2/org/jctools/jctools-core/2.1.2/jctools-core-2.1.2.pom
2023.12.07 18:35:13 INFO  BSP server: Downloaded https://repo1.maven.org/maven2/org/scala-sbt/zinc-persist_2.12/1.9.5/zinc-persist_2.12-1.9.5.pom
2023.12.07 18:35:13 INFO  BSP server: Downloading https://repo1.maven.org/maven2/io/zipkin/zipkin-parent/2.23.2/zipkin-parent-2.23.2.pom
2023.12.07 18:35:13 INFO  BSP server: Downloading https://repo1.maven.org/maven2/org/slf4j/slf4j-parent/2.0.6/slf4j-parent-2.0.6.pom
2023.12.07 18:35:13 INFO  BSP server: Downloading https://repo1.maven.org/maven2/org/sonatype/oss/oss-parent/6/oss-parent-6.pom
2023.12.07 18:35:13 INFO  BSP server: Downloaded https://repo1.maven.org/maven2/io/zipkin/zipkin-parent/2.23.2/zipkin-parent-2.23.2.pom
2023.12.07 18:35:13 INFO  BSP server: Downloaded https://repo1.maven.org/maven2/org/slf4j/slf4j-parent/2.0.6/slf4j-parent-2.0.6.pom
2023.12.07 18:35:13 INFO  BSP server: Downloaded https://repo1.maven.org/maven2/org/sonatype/oss/oss-parent/6/oss-parent-6.pom
2023.12.07 18:35:13 INFO  BSP server: Downloading https://repo1.maven.org/maven2/com/eed3si9n/gigahorse-core_2.12/0.7.0/gigahorse-core_2.12-0.7.0.pom
2023.12.07 18:35:13 INFO  BSP server: Downloading https://repo1.maven.org/maven2/com/eed3si9n/sjson-new-scalajson_2.12/0.9.1/sjson-new-scalajson_2.12-0.9.1.pom
2023.12.07 18:35:13 INFO  BSP server: Downloading https://repo1.maven.org/maven2/com/lmax/disruptor/3.4.2/disruptor-3.4.2.pom
2023.12.07 18:35:13 INFO  BSP server: Downloading https://repo1.maven.org/maven2/org/scala-lang/modules/scala-parser-combinators_2.12/1.1.2/scala-parser-combinators_2.12-1.1.2.pom
2023.12.07 18:35:13 INFO  BSP server: Downloading https://repo1.maven.org/maven2/org/scala-sbt/sbinary_2.12/0.5.1/sbinary_2.12-0.5.1.pom
2023.12.07 18:35:13 INFO  BSP server: Downloading https://repo1.maven.org/maven2/org/scala-sbt/core-macros_2.12/1.9.1/core-macros_2.12-1.9.1.pom
2023.12.07 18:35:13 INFO  BSP server: Downloaded https://repo1.maven.org/maven2/com/eed3si9n/gigahorse-core_2.12/0.7.0/gigahorse-core_2.12-0.7.0.pom
2023.12.07 18:35:13 INFO  BSP server: Downloaded https://repo1.maven.org/maven2/com/eed3si9n/sjson-new-scalajson_2.12/0.9.1/sjson-new-scalajson_2.12-0.9.1.pom
2023.12.07 18:35:13 INFO  BSP server: Downloading https://repo1.maven.org/maven2/org/scala-sbt/zinc-classpath_2.12/1.9.5/zinc-classpath_2.12-1.9.5.pom
2023.12.07 18:35:13 INFO  BSP server: Downloading https://repo1.maven.org/maven2/org/scala-sbt/util-relation_2.12/1.9.4/util-relation_2.12-1.9.4.pom
2023.12.07 18:35:13 INFO  BSP server: Downloaded https://repo1.maven.org/maven2/org/scala-sbt/core-macros_2.12/1.9.1/core-macros_2.12-1.9.1.pom
2023.12.07 18:35:13 INFO  BSP server: Downloaded https://repo1.maven.org/maven2/org/scala-sbt/sbinary_2.12/0.5.1/sbinary_2.12-0.5.1.pom
2023.12.07 18:35:13 INFO  BSP server: Downloading https://repo1.maven.org/maven2/org/scala-sbt/collections_2.12/1.9.1/collections_2.12-1.9.1.pom
2023.12.07 18:35:13 INFO  BSP server: Downloaded https://repo1.maven.org/maven2/com/lmax/disruptor/3.4.2/disruptor-3.4.2.pom
2023.12.07 18:35:13 INFO  BSP server: Downloading https://repo1.maven.org/maven2/com/eed3si9n/shaded-apache-httpasyncclient/0.7.0/shaded-apache-httpasyncclient-0.7.0.pom
2023.12.07 18:35:13 INFO  BSP server: Downloading https://repo1.maven.org/maven2/org/scala-sbt/util-control_2.12/1.9.4/util-control_2.12-1.9.4.pom
2023.12.07 18:35:13 INFO  BSP server: Downloaded https://repo1.maven.org/maven2/org/scala-lang/modules/scala-parser-combinators_2.12/1.1.2/scala-parser-combinators_2.12-1.1.2.pom
2023.12.07 18:35:13 INFO  BSP server: Downloading https://repo1.maven.org/maven2/org/scala-sbt/launcher-interface/1.4.2/launcher-interface-1.4.2.pom
2023.12.07 18:35:13 INFO  BSP server: Downloaded https://repo1.maven.org/maven2/org/scala-sbt/launcher-interface/1.4.2/launcher-interface-1.4.2.pom
2023.12.07 18:35:13 INFO  BSP server: Downloading https://repo1.maven.org/maven2/org/scala-sbt/util-logging_2.12/1.9.4/util-logging_2.12-1.9.4.pom
2023.12.07 18:35:13 INFO  BSP server: Downloaded https://repo1.maven.org/maven2/org/scala-sbt/util-relation_2.12/1.9.4/util-relation_2.12-1.9.4.pom
2023.12.07 18:35:13 INFO  BSP server: Downloaded https://repo1.maven.org/maven2/org/scala-sbt/zinc-classpath_2.12/1.9.5/zinc-classpath_2.12-1.9.5.pom
2023.12.07 18:35:13 INFO  BSP server: Downloading https://repo1.maven.org/maven2/com/swoval/file-tree-views/2.1.10/file-tree-views-2.1.10.pom
2023.12.07 18:35:13 INFO  BSP server: Downloaded https://repo1.maven.org/maven2/com/eed3si9n/shaded-apache-httpasyncclient/0.7.0/shaded-apache-httpasyncclient-0.7.0.pom
2023.12.07 18:35:13 INFO  BSP server: Downloaded https://repo1.maven.org/maven2/org/scala-sbt/collections_2.12/1.9.1/collections_2.12-1.9.1.pom
2023.12.07 18:35:13 INFO  BSP server: Downloading https://repo1.maven.org/maven2/org/scala-lang/modules/scala-xml_2.12/2.2.0/scala-xml_2.12-2.2.0.pom
2023.12.07 18:35:13 INFO  BSP server: Downloading https://repo1.maven.org/maven2/org/jline/jline-terminal-jansi/3.19.0/jline-terminal-jansi-3.19.0.pom
2023.12.07 18:35:13 INFO  BSP server: Downloading https://repo1.maven.org/maven2/org/scala-sbt/zinc-apiinfo_2.12/1.9.5/zinc-apiinfo_2.12-1.9.5.pom
2023.12.07 18:35:13 INFO  BSP server: Downloaded https://repo1.maven.org/maven2/org/scala-sbt/util-control_2.12/1.9.4/util-control_2.12-1.9.4.pom
2023.12.07 18:35:13 INFO  BSP server: Downloading https://repo1.maven.org/maven2/com/eed3si9n/sjson-new-murmurhash_2.12/0.9.1/sjson-new-murmurhash_2.12-0.9.1.pom
2023.12.07 18:35:13 INFO  BSP server: Downloaded https://repo1.maven.org/maven2/org/scala-sbt/util-logging_2.12/1.9.4/util-logging_2.12-1.9.4.pom
2023.12.07 18:35:13 INFO  BSP server: Downloading https://repo1.maven.org/maven2/com/outr/scribe_2.12/3.5.5/scribe_2.12-3.5.5.pom
2023.12.07 18:35:13 INFO  BSP server: Downloaded https://repo1.maven.org/maven2/org/scala-lang/modules/scala-xml_2.12/2.2.0/scala-xml_2.12-2.2.0.pom
2023.12.07 18:35:13 INFO  BSP server: Downloading https://repo1.maven.org/maven2/net/openhft/zero-allocation-hashing/0.10.1/zero-allocation-hashing-0.10.1.pom
2023.12.07 18:35:13 INFO  BSP server: Downloaded https://repo1.maven.org/maven2/com/swoval/file-tree-views/2.1.10/file-tree-views-2.1.10.pom
2023.12.07 18:35:13 INFO  BSP server: Downloaded https://repo1.maven.org/maven2/org/scala-sbt/zinc-apiinfo_2.12/1.9.5/zinc-apiinfo_2.12-1.9.5.pom
2023.12.07 18:35:13 INFO  BSP server: Downloading https://repo1.maven.org/maven2/org/typelevel/cats-core_2.12/2.1.1/cats-core_2.12-2.1.1.pom
2023.12.07 18:35:13 INFO  BSP server: Downloading https://repo1.maven.org/maven2/org/scala-sbt/jline/jline/2.14.7-sbt-a1b0ffbb8f64bb820f4f84a0c07a0c0964507493/jline-2.14.7-sbt-a1b0ffbb8f64bb820f4f84a0c07a0c0964507493.pom
2023.12.07 18:35:13 INFO  BSP server: Downloaded https://repo1.maven.org/maven2/org/jline/jline-terminal-jansi/3.19.0/jline-terminal-jansi-3.19.0.pom
2023.12.07 18:35:13 INFO  BSP server: Downloaded https://repo1.maven.org/maven2/com/eed3si9n/sjson-new-murmurhash_2.12/0.9.1/sjson-new-murmurhash_2.12-0.9.1.pom
2023.12.07 18:35:13 INFO  BSP server: Downloaded https://repo1.maven.org/maven2/com/outr/scribe_2.12/3.5.5/scribe_2.12-3.5.5.pom
2023.12.07 18:35:13 INFO  BSP server: Downloading https://repo1.maven.org/maven2/org/scala-sbt/util-interface/1.9.1/util-interface-1.9.1.pom
2023.12.07 18:35:13 INFO  BSP server: Downloading https://repo1.maven.org/maven2/org/scala-sbt/compiler-interface/1.9.5/compiler-interface-1.9.5.pom
2023.12.07 18:35:13 INFO  BSP server: Downloading https://repo1.maven.org/maven2/org/scala-sbt/zinc-persist-core-assembly/1.9.5/zinc-persist-core-assembly-1.9.5.pom
2023.12.07 18:35:13 INFO  BSP server: Downloaded https://repo1.maven.org/maven2/org/typelevel/cats-core_2.12/2.1.1/cats-core_2.12-2.1.1.pom
2023.12.07 18:35:13 INFO  BSP server: Downloaded https://repo1.maven.org/maven2/net/openhft/zero-allocation-hashing/0.10.1/zero-allocation-hashing-0.10.1.pom
2023.12.07 18:35:13 INFO  BSP server: Downloaded https://repo1.maven.org/maven2/org/scala-sbt/jline/jline/2.14.7-sbt-a1b0ffbb8f64bb820f4f84a0c07a0c0964507493/jline-2.14.7-sbt-a1b0ffbb8f64bb820f4f84a0c07a0c0964507493.pom
2023.12.07 18:35:13 INFO  BSP server: Downloaded https://repo1.maven.org/maven2/org/scala-sbt/compiler-interface/1.9.5/compiler-interface-1.9.5.pom
2023.12.07 18:35:13 INFO  BSP server: Downloaded https://repo1.maven.org/maven2/org/scala-sbt/util-interface/1.9.1/util-interface-1.9.1.pom
2023.12.07 18:35:13 INFO  BSP server: Downloaded https://repo1.maven.org/maven2/org/scala-sbt/zinc-persist-core-assembly/1.9.5/zinc-persist-core-assembly-1.9.5.pom
2023.12.07 18:35:13 INFO  BSP server: Downloading https://repo1.maven.org/maven2/net/openhft/root-parent-pom/1.1.13/root-parent-pom-1.1.13.pom
2023.12.07 18:35:13 INFO  BSP server: Downloaded https://repo1.maven.org/maven2/net/openhft/root-parent-pom/1.1.13/root-parent-pom-1.1.13.pom
2023.12.07 18:35:13 INFO  BSP server: Downloading https://repo1.maven.org/maven2/org/typelevel/cats-macros_2.12/2.1.1/cats-macros_2.12-2.1.1.pom
2023.12.07 18:35:13 INFO  BSP server: Downloading https://repo1.maven.org/maven2/org/typelevel/cats-kernel_2.12/2.1.1/cats-kernel_2.12-2.1.1.pom
2023.12.07 18:35:13 INFO  BSP server: Downloading https://repo1.maven.org/maven2/org/scala-sbt/compiler-bridge_2.12/1.9.5/compiler-bridge_2.12-1.9.5.pom
2023.12.07 18:35:13 INFO  BSP server: Downloading https://repo1.maven.org/maven2/org/scala-sbt/collections_2.12/1.9.4/collections_2.12-1.9.4.pom
2023.12.07 18:35:13 INFO  BSP server: Downloading https://repo1.maven.org/maven2/com/outr/perfolation_2.12/1.2.8/perfolation_2.12-1.2.8.pom
2023.12.07 18:35:13 INFO  BSP server: Downloading https://repo1.maven.org/maven2/org/fusesource/jansi/jansi/2.1.0/jansi-2.1.0.pom
2023.12.07 18:35:13 INFO  BSP server: Downloaded https://repo1.maven.org/maven2/org/typelevel/cats-kernel_2.12/2.1.1/cats-kernel_2.12-2.1.1.pom
2023.12.07 18:35:13 INFO  BSP server: Downloading https://repo1.maven.org/maven2/com/eed3si9n/shaded-jawn-parser_2.12/0.9.1/shaded-jawn-parser_2.12-0.9.1.pom
2023.12.07 18:35:13 INFO  BSP server: Downloaded https://repo1.maven.org/maven2/org/typelevel/cats-macros_2.12/2.1.1/cats-macros_2.12-2.1.1.pom
2023.12.07 18:35:13 INFO  BSP server: Downloading https://repo1.maven.org/maven2/org/scala-sbt/core-macros_2.12/1.9.4/core-macros_2.12-1.9.4.pom
2023.12.07 18:35:13 INFO  BSP server: Downloaded https://repo1.maven.org/maven2/com/outr/perfolation_2.12/1.2.8/perfolation_2.12-1.2.8.pom
2023.12.07 18:35:13 INFO  BSP server: Downloading https://repo1.maven.org/maven2/com/eed3si9n/shaded-scalajson_2.12/1.0.0-M4/shaded-scalajson_2.12-1.0.0-M4.pom
2023.12.07 18:35:13 INFO  BSP server: Downloaded https://repo1.maven.org/maven2/org/scala-sbt/collections_2.12/1.9.4/collections_2.12-1.9.4.pom
2023.12.07 18:35:13 INFO  BSP server: Downloaded https://repo1.maven.org/maven2/org/fusesource/jansi/jansi/2.1.0/jansi-2.1.0.pom
2023.12.07 18:35:13 INFO  BSP server: Downloading https://repo1.maven.org/maven2/com/eed3si9n/sjson-new-core_2.12/0.9.1/sjson-new-core_2.12-0.9.1.pom
2023.12.07 18:35:13 INFO  BSP server: Downloading https://repo1.maven.org/maven2/com/outr/moduload_2.12/1.1.5/moduload_2.12-1.1.5.pom
2023.12.07 18:35:13 INFO  BSP server: Downloaded https://repo1.maven.org/maven2/com/eed3si9n/shaded-scalajson_2.12/1.0.0-M4/shaded-scalajson_2.12-1.0.0-M4.pom
2023.12.07 18:35:13 INFO  BSP server: Downloading https://repo1.maven.org/maven2/org/scala-sbt/util-interface/1.9.4/util-interface-1.9.4.pom
2023.12.07 18:35:13 INFO  BSP server: Downloaded https://repo1.maven.org/maven2/org/scala-sbt/compiler-bridge_2.12/1.9.5/compiler-bridge_2.12-1.9.5.pom
2023.12.07 18:35:13 INFO  BSP server: Downloading https://repo1.maven.org/maven2/com/typesafe/ssl-config-core_2.12/0.6.1/ssl-config-core_2.12-0.6.1.pom
2023.12.07 18:35:13 INFO  BSP server: Downloaded https://repo1.maven.org/maven2/com/eed3si9n/shaded-jawn-parser_2.12/0.9.1/shaded-jawn-parser_2.12-0.9.1.pom
2023.12.07 18:35:13 INFO  BSP server: Downloaded https://repo1.maven.org/maven2/org/scala-sbt/core-macros_2.12/1.9.4/core-macros_2.12-1.9.4.pom
2023.12.07 18:35:13 INFO  BSP server: Downloaded https://repo1.maven.org/maven2/com/outr/moduload_2.12/1.1.5/moduload_2.12-1.1.5.pom
2023.12.07 18:35:13 INFO  BSP server: Downloaded https://repo1.maven.org/maven2/com/eed3si9n/sjson-new-core_2.12/0.9.1/sjson-new-core_2.12-0.9.1.pom
2023.12.07 18:35:13 INFO  BSP server: Downloaded https://repo1.maven.org/maven2/org/scala-sbt/util-interface/1.9.4/util-interface-1.9.4.pom
2023.12.07 18:35:13 INFO  BSP server: Downloaded https://repo1.maven.org/maven2/com/typesafe/ssl-config-core_2.12/0.6.1/ssl-config-core_2.12-0.6.1.pom
2023.12.07 18:35:13 INFO  BSP server: Downloading https://repo1.maven.org/maven2/org/fusesource/fusesource-pom/1.12/fusesource-pom-1.12.pom
2023.12.07 18:35:13 INFO  BSP server: Downloaded https://repo1.maven.org/maven2/org/fusesource/fusesource-pom/1.12/fusesource-pom-1.12.pom
2023.12.07 18:35:13 INFO  BSP server: Downloading https://repo1.maven.org/maven2/org/scala-sbt/util-position_2.12/1.9.4/util-position_2.12-1.9.4.pom
2023.12.07 18:35:13 INFO  BSP server: Downloaded https://repo1.maven.org/maven2/org/scala-sbt/util-position_2.12/1.9.4/util-position_2.12-1.9.4.pom
2023.12.07 18:35:13 INFO  BSP server: Downloading https://repo1.maven.org/maven2/org/scala-lang/modules/scala-collection-compat_2.12/2.11.0/scala-collection-compat_2.12-2.11.0.jar
2023.12.07 18:35:13 INFO  BSP server: Downloading https://repo1.maven.org/maven2/org/apache/logging/log4j/log4j-core/2.21.1/log4j-core-2.21.1.jar
2023.12.07 18:35:13 INFO  BSP server: Downloading https://repo1.maven.org/maven2/org/scala-sbt/test-agent/1.9.7/test-agent-1.9.7.jar
2023.12.07 18:35:13 INFO  BSP server: Downloading https://repo1.maven.org/maven2/com/github/plokhotnyuk/jsoniter-scala/jsoniter-scala-core_2.12/2.13.3.2/jsoniter-scala-core_2.12-2.13.3.2.jar
2023.12.07 18:35:13 INFO  BSP server: Downloading https://repo1.maven.org/maven2/org/scala-sbt/zinc-classfile_2.12/1.9.5/zinc-classfile_2.12-1.9.5.jar
2023.12.07 18:35:13 INFO  BSP server: Downloading https://repo1.maven.org/maven2/org/jctools/jctools-core/2.1.2/jctools-core-2.1.2.jar
2023.12.07 18:35:13 INFO  BSP server: Downloaded https://repo1.maven.org/maven2/org/scala-sbt/test-agent/1.9.7/test-agent-1.9.7.jar
2023.12.07 18:35:13 INFO  BSP server: Downloading https://repo1.maven.org/maven2/org/typelevel/cats-macros_2.12/2.1.1/cats-macros_2.12-2.1.1.jar
2023.12.07 18:35:14 INFO  BSP server: Downloaded https://repo1.maven.org/maven2/org/typelevel/cats-macros_2.12/2.1.1/cats-macros_2.12-2.1.1.jar
2023.12.07 18:35:14 INFO  BSP server: Downloading https://repo1.maven.org/maven2/org/scala-sbt/zinc-apiinfo_2.12/1.9.5/zinc-apiinfo_2.12-1.9.5.jar
2023.12.07 18:35:14 INFO  BSP server: Downloaded https://repo1.maven.org/maven2/org/scala-sbt/zinc-classfile_2.12/1.9.5/zinc-classfile_2.12-1.9.5.jar
2023.12.07 18:35:14 INFO  BSP server: Downloading https://repo1.maven.org/maven2/org/scala-sbt/util-control_2.12/1.9.4/util-control_2.12-1.9.4.jar
2023.12.07 18:35:14 INFO  BSP server: Downloaded https://repo1.maven.org/maven2/org/scala-lang/modules/scala-collection-compat_2.12/2.11.0/scala-collection-compat_2.12-2.11.0.jar
2023.12.07 18:35:14 INFO  BSP server: Downloading https://repo1.maven.org/maven2/org/scala-sbt/core-macros_2.12/1.9.4/core-macros_2.12-1.9.4.jar
2023.12.07 18:35:14 INFO  BSP server: Downloaded https://repo1.maven.org/maven2/com/github/plokhotnyuk/jsoniter-scala/jsoniter-scala-core_2.12/2.13.3.2/jsoniter-scala-core_2.12-2.13.3.2.jar
2023.12.07 18:35:14 INFO  BSP server: Downloading https://repo1.maven.org/maven2/com/swoval/file-tree-views/2.1.10/file-tree-views-2.1.10.jar
2023.12.07 18:35:14 INFO  BSP server: Downloaded https://repo1.maven.org/maven2/org/scala-sbt/util-control_2.12/1.9.4/util-control_2.12-1.9.4.jar
2023.12.07 18:35:14 INFO  BSP server: Downloading https://repo1.maven.org/maven2/com/eed3si9n/shaded-jawn-parser_2.12/0.9.1/shaded-jawn-parser_2.12-0.9.1.jar
2023.12.07 18:35:14 INFO  BSP server: Downloaded https://repo1.maven.org/maven2/org/scala-sbt/core-macros_2.12/1.9.4/core-macros_2.12-1.9.4.jar
2023.12.07 18:35:14 INFO  BSP server: Downloading https://repo1.maven.org/maven2/org/scala-lang/scala-reflect/2.12.18/scala-reflect-2.12.18.jar
2023.12.07 18:35:14 INFO  BSP server: Downloaded https://repo1.maven.org/maven2/org/scala-sbt/zinc-apiinfo_2.12/1.9.5/zinc-apiinfo_2.12-1.9.5.jar
2023.12.07 18:35:14 INFO  BSP server: Downloading https://repo1.maven.org/maven2/io/zipkin/zipkin2/zipkin/2.23.2/zipkin-2.23.2.jar
2023.12.07 18:35:14 INFO  BSP server: Downloaded https://repo1.maven.org/maven2/com/eed3si9n/shaded-jawn-parser_2.12/0.9.1/shaded-jawn-parser_2.12-0.9.1.jar
2023.12.07 18:35:14 INFO  BSP server: Downloading https://repo1.maven.org/maven2/org/typelevel/cats-core_2.12/2.1.1/cats-core_2.12-2.1.1.jar
2023.12.07 18:35:14 INFO  BSP server: Downloaded https://repo1.maven.org/maven2/org/jctools/jctools-core/2.1.2/jctools-core-2.1.2.jar
2023.12.07 18:35:14 INFO  BSP server: Downloading https://repo1.maven.org/maven2/io/github/alexarchambault/bleep/bloop-backend_2.12/1.5.11-sc-3/bloop-backend_2.12-1.5.11-sc-3.jar
2023.12.07 18:35:14 INFO  BSP server: Downloaded https://repo1.maven.org/maven2/com/swoval/file-tree-views/2.1.10/file-tree-views-2.1.10.jar
2023.12.07 18:35:14 INFO  BSP server: Downloading https://repo1.maven.org/maven2/org/scala-sbt/util-position_2.12/1.9.4/util-position_2.12-1.9.4.jar
2023.12.07 18:35:14 INFO  BSP server: Downloaded https://repo1.maven.org/maven2/org/scala-sbt/util-position_2.12/1.9.4/util-position_2.12-1.9.4.jar
2023.12.07 18:35:14 INFO  BSP server: Downloading https://repo1.maven.org/maven2/org/scala-sbt/util-interface/1.9.4/util-interface-1.9.4.jar
2023.12.07 18:35:14 INFO  BSP server: Downloaded https://repo1.maven.org/maven2/io/zipkin/zipkin2/zipkin/2.23.2/zipkin-2.23.2.jar
2023.12.07 18:35:14 INFO  BSP server: Downloading https://repo1.maven.org/maven2/org/scala-sbt/util-logging_2.12/1.9.4/util-logging_2.12-1.9.4.jar
2023.12.07 18:35:14 INFO  BSP server: Downloaded https://repo1.maven.org/maven2/org/scala-sbt/util-interface/1.9.4/util-interface-1.9.4.jar
2023.12.07 18:35:14 INFO  BSP server: Downloading https://repo1.maven.org/maven2/org/scala-sbt/test-interface/1.0/test-interface-1.0.jar
2023.12.07 18:35:14 INFO  BSP server: Downloaded https://repo1.maven.org/maven2/org/scala-sbt/test-interface/1.0/test-interface-1.0.jar
2023.12.07 18:35:14 INFO  BSP server: Downloading https://repo1.maven.org/maven2/com/outr/scribe_2.12/3.5.5/scribe_2.12-3.5.5.jar
2023.12.07 18:35:15 INFO  BSP server: Downloaded https://repo1.maven.org/maven2/org/scala-sbt/util-logging_2.12/1.9.4/util-logging_2.12-1.9.4.jar
2023.12.07 18:35:15 INFO  BSP server: Downloading https://repo1.maven.org/maven2/org/ow2/asm/asm-analysis/9.6/asm-analysis-9.6.jar
2023.12.07 18:35:15 INFO  BSP server: Downloaded https://repo1.maven.org/maven2/io/github/alexarchambault/bleep/bloop-backend_2.12/1.5.11-sc-3/bloop-backend_2.12-1.5.11-sc-3.jar
2023.12.07 18:35:15 INFO  BSP server: Downloading https://repo1.maven.org/maven2/org/scala-sbt/util-cache_2.12/1.9.1/util-cache_2.12-1.9.1.jar
2023.12.07 18:35:15 INFO  BSP server: Downloaded https://repo1.maven.org/maven2/com/outr/scribe_2.12/3.5.5/scribe_2.12-3.5.5.jar
2023.12.07 18:35:15 INFO  BSP server: Downloading https://repo1.maven.org/maven2/ch/epfl/scala/com-microsoft-java-debug-core/0.34.0+20/com-microsoft-java-debug-core-0.34.0+20.jar
2023.12.07 18:35:15 INFO  BSP server: Downloaded https://repo1.maven.org/maven2/org/ow2/asm/asm-analysis/9.6/asm-analysis-9.6.jar
2023.12.07 18:35:15 INFO  BSP server: Downloading https://repo1.maven.org/maven2/org/scala-sbt/librarymanagement-core_2.12/1.9.3/librarymanagement-core_2.12-1.9.3.jar
2023.12.07 18:35:15 INFO  BSP server: Downloaded https://repo1.maven.org/maven2/org/scala-sbt/util-cache_2.12/1.9.1/util-cache_2.12-1.9.1.jar
2023.12.07 18:35:15 INFO  BSP server: Downloading https://repo1.maven.org/maven2/org/typelevel/macro-compat_2.12/1.1.1/macro-compat_2.12-1.1.1.jar
2023.12.07 18:35:15 INFO  BSP server: Downloaded https://repo1.maven.org/maven2/org/apache/logging/log4j/log4j-core/2.21.1/log4j-core-2.21.1.jar
2023.12.07 18:35:15 INFO  BSP server: Downloading https://repo1.maven.org/maven2/org/scala-lang/scala-compiler/2.12.18/scala-compiler-2.12.18.jar
2023.12.07 18:35:15 INFO  BSP server: Downloaded https://repo1.maven.org/maven2/ch/epfl/scala/com-microsoft-java-debug-core/0.34.0+20/com-microsoft-java-debug-core-0.34.0+20.jar
2023.12.07 18:35:15 INFO  BSP server: Downloading https://repo1.maven.org/maven2/org/scala-lang/modules/scala-xml_2.12/2.2.0/scala-xml_2.12-2.2.0.jar
2023.12.07 18:35:15 INFO  BSP server: Downloaded https://repo1.maven.org/maven2/org/typelevel/macro-compat_2.12/1.1.1/macro-compat_2.12-1.1.1.jar
2023.12.07 18:35:15 INFO  BSP server: Downloading https://repo1.maven.org/maven2/io/reactivex/rxjava2/rxjava/2.2.21/rxjava-2.2.21.jar
2023.12.07 18:35:17 INFO  BSP server: Downloaded https://repo1.maven.org/maven2/org/scala-sbt/librarymanagement-core_2.12/1.9.3/librarymanagement-core_2.12-1.9.3.jar
2023.12.07 18:35:17 INFO  BSP server: Downloading https://repo1.maven.org/maven2/org/ow2/asm/asm-tree/9.6/asm-tree-9.6.jar
2023.12.07 18:35:17 INFO  BSP server: Downloaded https://repo1.maven.org/maven2/org/scala-lang/modules/scala-xml_2.12/2.2.0/scala-xml_2.12-2.2.0.jar
2023.12.07 18:35:17 INFO  BSP server: Downloading https://repo1.maven.org/maven2/com/outr/perfolation_2.12/1.2.8/perfolation_2.12-1.2.8.jar
2023.12.07 18:35:17 INFO  BSP server: Downloaded https://repo1.maven.org/maven2/org/ow2/asm/asm-tree/9.6/asm-tree-9.6.jar
2023.12.07 18:35:17 INFO  BSP server: Downloading https://repo1.maven.org/maven2/io/monix/monix-tail_2.12/3.2.0/monix-tail_2.12-3.2.0.jar
2023.12.07 18:35:17 INFO  BSP server: Downloaded https://repo1.maven.org/maven2/com/outr/perfolation_2.12/1.2.8/perfolation_2.12-1.2.8.jar
2023.12.07 18:35:17 INFO  BSP server: Downloading https://repo1.maven.org/maven2/com/lihaoyi/fansi_2.12/0.4.0/fansi_2.12-0.4.0.jar
2023.12.07 18:35:18 INFO  BSP server: Downloaded https://repo1.maven.org/maven2/com/lihaoyi/fansi_2.12/0.4.0/fansi_2.12-0.4.0.jar
2023.12.07 18:35:18 INFO  BSP server: Downloading https://repo1.maven.org/maven2/org/scala-lang/modules/scala-parser-combinators_2.12/1.1.2/scala-parser-combinators_2.12-1.1.2.jar
2023.12.07 18:35:18 INFO  BSP server: Downloaded https://repo1.maven.org/maven2/org/scala-lang/scala-reflect/2.12.18/scala-reflect-2.12.18.jar
2023.12.07 18:35:18 INFO  BSP server: Downloading https://repo1.maven.org/maven2/ch/epfl/scala/bloop-config_2.12/1.5.5/bloop-config_2.12-1.5.5.jar
2023.12.07 18:35:18 INFO  BSP server: Downloaded https://repo1.maven.org/maven2/org/scala-lang/modules/scala-parser-combinators_2.12/1.1.2/scala-parser-combinators_2.12-1.1.2.jar
2023.12.07 18:35:18 INFO  BSP server: Downloading https://repo1.maven.org/maven2/io/zipkin/reporter2/zipkin-reporter-brave/2.16.3/zipkin-reporter-brave-2.16.3.jar
2023.12.07 18:35:18 INFO  BSP server: Downloaded https://repo1.maven.org/maven2/io/monix/monix-tail_2.12/3.2.0/monix-tail_2.12-3.2.0.jar
2023.12.07 18:35:18 INFO  BSP server: Downloading https://repo1.maven.org/maven2/com/eed3si9n/sjson-new-murmurhash_2.12/0.9.1/sjson-new-murmurhash_2.12-0.9.1.jar
2023.12.07 18:35:19 INFO  BSP server: Downloaded https://repo1.maven.org/maven2/io/zipkin/reporter2/zipkin-reporter-brave/2.16.3/zipkin-reporter-brave-2.16.3.jar
2023.12.07 18:35:19 INFO  BSP server: Downloading https://repo1.maven.org/maven2/io/monix/monix-reactive_2.12/3.2.0/monix-reactive_2.12-3.2.0.jar
2023.12.07 18:35:19 INFO  BSP server: Downloaded https://repo1.maven.org/maven2/com/eed3si9n/sjson-new-murmurhash_2.12/0.9.1/sjson-new-murmurhash_2.12-0.9.1.jar
2023.12.07 18:35:19 INFO  BSP server: Downloading https://repo1.maven.org/maven2/org/typelevel/cats-kernel_2.12/2.1.1/cats-kernel_2.12-2.1.1.jar
2023.12.07 18:35:19 INFO  BSP server: Downloaded https://repo1.maven.org/maven2/ch/epfl/scala/bloop-config_2.12/1.5.5/bloop-config_2.12-1.5.5.jar
2023.12.07 18:35:19 INFO  BSP server: Downloading https://repo1.maven.org/maven2/io/zipkin/reporter2/zipkin-reporter/2.16.4/zipkin-reporter-2.16.4.jar
2023.12.07 18:35:19 INFO  BSP server: Downloaded https://repo1.maven.org/maven2/io/zipkin/reporter2/zipkin-reporter/2.16.4/zipkin-reporter-2.16.4.jar
2023.12.07 18:35:19 INFO  BSP server: Downloading https://repo1.maven.org/maven2/io/github/alexarchambault/bleep/bloop-frontend_2.12/1.5.11-sc-3/bloop-frontend_2.12-1.5.11-sc-3.jar
2023.12.07 18:35:21 INFO  BSP server: Downloaded https://repo1.maven.org/maven2/io/reactivex/rxjava2/rxjava/2.2.21/rxjava-2.2.21.jar
2023.12.07 18:35:21 INFO  BSP server: Downloading https://repo1.maven.org/maven2/org/scala-sbt/launcher-interface/1.4.2/launcher-interface-1.4.2.jar
2023.12.07 18:35:21 INFO  BSP server: Downloaded https://repo1.maven.org/maven2/org/scala-sbt/launcher-interface/1.4.2/launcher-interface-1.4.2.jar
2023.12.07 18:35:21 INFO  BSP server: Downloading https://repo1.maven.org/maven2/com/eed3si9n/sjson-new-scalajson_2.12/0.9.1/sjson-new-scalajson_2.12-0.9.1.jar
2023.12.07 18:35:21 INFO  BSP server: Downloaded https://repo1.maven.org/maven2/com/eed3si9n/sjson-new-scalajson_2.12/0.9.1/sjson-new-scalajson_2.12-0.9.1.jar
2023.12.07 18:35:21 INFO  BSP server: Downloading https://repo1.maven.org/maven2/org/scala-sbt/compiler-interface/1.9.5/compiler-interface-1.9.5.jar
2023.12.07 18:35:22 INFO  BSP server: Downloaded https://repo1.maven.org/maven2/org/scala-sbt/compiler-interface/1.9.5/compiler-interface-1.9.5.jar
2023.12.07 18:35:22 INFO  BSP server: Downloading https://repo1.maven.org/maven2/commons-io/commons-io/2.13.0/commons-io-2.13.0.jar
2023.12.07 18:35:22 INFO  BSP server: Downloaded https://repo1.maven.org/maven2/io/monix/monix-reactive_2.12/3.2.0/monix-reactive_2.12-3.2.0.jar
2023.12.07 18:35:22 INFO  BSP server: Downloading https://repo1.maven.org/maven2/org/scala-sbt/zinc-persist_2.12/1.9.5/zinc-persist_2.12-1.9.5.jar
2023.12.07 18:35:22 INFO  BSP server: Downloaded https://repo1.maven.org/maven2/org/typelevel/cats-core_2.12/2.1.1/cats-core_2.12-2.1.1.jar
2023.12.07 18:35:22 INFO  BSP server: Downloading https://repo1.maven.org/maven2/com/eed3si9n/gigahorse-core_2.12/0.7.0/gigahorse-core_2.12-0.7.0.jar
2023.12.07 18:35:22 INFO  BSP server: Downloaded https://repo1.maven.org/maven2/io/github/alexarchambault/bleep/bloop-frontend_2.12/1.5.11-sc-3/bloop-frontend_2.12-1.5.11-sc-3.jar
2023.12.07 18:35:22 INFO  BSP server: Downloading https://repo1.maven.org/maven2/com/github/alexarchambault/case-app-util_2.12/2.0.6/case-app-util_2.12-2.0.6.jar
2023.12.07 18:35:22 INFO  BSP server: Downloaded https://repo1.maven.org/maven2/com/eed3si9n/gigahorse-core_2.12/0.7.0/gigahorse-core_2.12-0.7.0.jar
2023.12.07 18:35:22 INFO  BSP server: Downloading https://repo1.maven.org/maven2/io/monix/monix-eval_2.12/3.2.0/monix-eval_2.12-3.2.0.jar
2023.12.07 18:35:22 INFO  BSP server: Downloaded https://repo1.maven.org/maven2/org/scala-sbt/zinc-persist_2.12/1.9.5/zinc-persist_2.12-1.9.5.jar
2023.12.07 18:35:22 INFO  BSP server: Downloading https://repo1.maven.org/maven2/com/eed3si9n/shaded-scalajson_2.12/1.0.0-M4/shaded-scalajson_2.12-1.0.0-M4.jar
2023.12.07 18:35:22 INFO  BSP server: Downloaded https://repo1.maven.org/maven2/com/github/alexarchambault/case-app-util_2.12/2.0.6/case-app-util_2.12-2.0.6.jar
2023.12.07 18:35:22 INFO  BSP server: Downloading https://repo1.maven.org/maven2/com/outr/moduload_2.12/1.1.5/moduload_2.12-1.1.5.jar
2023.12.07 18:35:23 INFO  BSP server: Downloaded https://repo1.maven.org/maven2/commons-io/commons-io/2.13.0/commons-io-2.13.0.jar
2023.12.07 18:35:23 INFO  BSP server: Downloading https://repo1.maven.org/maven2/org/scala-sbt/zinc-persist-core-assembly/1.9.5/zinc-persist-core-assembly-1.9.5.jar
2023.12.07 18:35:23 INFO  BSP server: Downloaded https://repo1.maven.org/maven2/org/typelevel/cats-kernel_2.12/2.1.1/cats-kernel_2.12-2.1.1.jar
2023.12.07 18:35:23 INFO  BSP server: Downloading https://repo1.maven.org/maven2/com/eed3si9n/shaded-apache-httpasyncclient/0.7.0/shaded-apache-httpasyncclient-0.7.0.jar
2023.12.07 18:35:23 INFO  BSP server: Downloaded https://repo1.maven.org/maven2/com/outr/moduload_2.12/1.1.5/moduload_2.12-1.1.5.jar
2023.12.07 18:35:23 INFO  BSP server: Downloaded https://repo1.maven.org/maven2/com/eed3si9n/shaded-scalajson_2.12/1.0.0-M4/shaded-scalajson_2.12-1.0.0-M4.jar
2023.12.07 18:35:23 INFO  BSP server: Downloading https://repo1.maven.org/maven2/com/lihaoyi/pprint_2.12/0.8.1/pprint_2.12-0.8.1.jar
2023.12.07 18:35:23 INFO  BSP server: Downloading https://repo1.maven.org/maven2/org/scala-sbt/util-relation_2.12/1.9.4/util-relation_2.12-1.9.4.jar
2023.12.07 18:35:23 INFO  BSP server: Downloaded https://repo1.maven.org/maven2/org/scala-sbt/util-relation_2.12/1.9.4/util-relation_2.12-1.9.4.jar
2023.12.07 18:35:23 INFO  BSP server: Downloading https://repo1.maven.org/maven2/me/vican/jorge/jsonrpc4s_2.12/0.1.0/jsonrpc4s_2.12-0.1.0.jar
2023.12.07 18:35:24 INFO  BSP server: Downloaded https://repo1.maven.org/maven2/io/monix/monix-eval_2.12/3.2.0/monix-eval_2.12-3.2.0.jar
2023.12.07 18:35:24 INFO  BSP server: Downloading https://repo1.maven.org/maven2/org/scala-sbt/compiler-bridge_2.12/1.9.5/compiler-bridge_2.12-1.9.5.jar
2023.12.07 18:35:24 INFO  BSP server: Downloaded https://repo1.maven.org/maven2/com/lihaoyi/pprint_2.12/0.8.1/pprint_2.12-0.8.1.jar
2023.12.07 18:35:24 INFO  BSP server: Downloading https://repo1.maven.org/maven2/org/scalaz/scalaz-core_2.12/7.3.7/scalaz-core_2.12-7.3.7.jar
2023.12.07 18:35:25 INFO  BSP server: Downloaded https://repo1.maven.org/maven2/me/vican/jorge/jsonrpc4s_2.12/0.1.0/jsonrpc4s_2.12-0.1.0.jar
2023.12.07 18:35:25 INFO  BSP server: Downloading https://repo1.maven.org/maven2/org/zeroturnaround/zt-zip/1.16/zt-zip-1.16.jar
2023.12.07 18:35:25 INFO  BSP server: Downloaded https://repo1.maven.org/maven2/org/scala-sbt/compiler-bridge_2.12/1.9.5/compiler-bridge_2.12-1.9.5.jar
2023.12.07 18:35:25 INFO  BSP server: Downloading https://repo1.maven.org/maven2/org/ow2/asm/asm-util/9.6/asm-util-9.6.jar
2023.12.07 18:35:25 INFO  BSP server: Downloaded https://repo1.maven.org/maven2/org/zeroturnaround/zt-zip/1.16/zt-zip-1.16.jar
2023.12.07 18:35:25 INFO  BSP server: Downloading https://repo1.maven.org/maven2/com/github/alexarchambault/case-app-annotations_2.12/2.0.6/case-app-annotations_2.12-2.0.6.jar
2023.12.07 18:35:26 INFO  BSP server: Downloaded https://repo1.maven.org/maven2/org/ow2/asm/asm-util/9.6/asm-util-9.6.jar
2023.12.07 18:35:26 INFO  BSP server: Downloading https://repo1.maven.org/maven2/org/scala-sbt/io_2.12/1.9.1/io_2.12-1.9.1.jar
2023.12.07 18:35:26 INFO  BSP server: Downloaded https://repo1.maven.org/maven2/com/eed3si9n/shaded-apache-httpasyncclient/0.7.0/shaded-apache-httpasyncclient-0.7.0.jar
2023.12.07 18:35:26 INFO  BSP server: Downloading https://repo1.maven.org/maven2/ch/qos/logback/logback-core/1.4.6/logback-core-1.4.6.jar
2023.12.07 18:35:26 INFO  BSP server: Downloaded https://repo1.maven.org/maven2/com/github/alexarchambault/case-app-annotations_2.12/2.0.6/case-app-annotations_2.12-2.0.6.jar
2023.12.07 18:35:26 INFO  BSP server: Downloading https://repo1.maven.org/maven2/io/monix/monix-catnap_2.12/3.2.0/monix-catnap_2.12-3.2.0.jar
2023.12.07 18:35:28 INFO  BSP server: Downloaded https://repo1.maven.org/maven2/io/monix/monix-catnap_2.12/3.2.0/monix-catnap_2.12-3.2.0.jar
2023.12.07 18:35:28 INFO  BSP server: Downloading https://repo1.maven.org/maven2/ch/qos/logback/logback-classic/1.4.6/logback-classic-1.4.6.jar
2023.12.07 18:35:28 INFO  BSP server: Downloaded https://repo1.maven.org/maven2/org/scala-lang/scala-compiler/2.12.18/scala-compiler-2.12.18.jar
2023.12.07 18:35:28 INFO  BSP server: Downloading https://repo1.maven.org/maven2/com/jcraft/jsch/0.1.54/jsch-0.1.54.jar
2023.12.07 18:35:28 INFO  BSP server: Downloaded https://repo1.maven.org/maven2/ch/qos/logback/logback-core/1.4.6/logback-core-1.4.6.jar
2023.12.07 18:35:28 INFO  BSP server: Downloading https://repo1.maven.org/maven2/ch/epfl/scala/bsp4s_2.12/2.1.0-M7/bsp4s_2.12-2.1.0-M7.jar
2023.12.07 18:35:28 INFO  BSP server: Downloaded https://repo1.maven.org/maven2/org/scala-sbt/io_2.12/1.9.1/io_2.12-1.9.1.jar
2023.12.07 18:35:28 INFO  BSP server: Downloading https://repo1.maven.org/maven2/org/scala-sbt/ivy/ivy/2.3.0-sbt-396a783bba347016e7fe30dacc60d355be607fe2/ivy-2.3.0-sbt-396a783bba347016e7fe30dacc60d355be607fe2.jar
2023.12.07 18:35:28 INFO  BSP server: Downloaded https://repo1.maven.org/maven2/org/scala-sbt/zinc-persist-core-assembly/1.9.5/zinc-persist-core-assembly-1.9.5.jar
2023.12.07 18:35:28 INFO  BSP server: Downloading https://repo1.maven.org/maven2/org/ow2/asm/asm/9.6/asm-9.6.jar
2023.12.07 18:35:28 INFO  BSP server: Downloaded https://repo1.maven.org/maven2/com/jcraft/jsch/0.1.54/jsch-0.1.54.jar
2023.12.07 18:35:28 INFO  BSP server: Downloading https://repo1.maven.org/maven2/org/scala-sbt/sbinary_2.12/0.5.1/sbinary_2.12-0.5.1.jar
2023.12.07 18:35:28 INFO  BSP server: Downloaded https://repo1.maven.org/maven2/org/ow2/asm/asm/9.6/asm-9.6.jar
2023.12.07 18:35:28 INFO  BSP server: Downloading https://repo1.maven.org/maven2/org/slf4j/slf4j-api/2.0.6/slf4j-api-2.0.6.jar
2023.12.07 18:35:28 INFO  BSP server: Downloaded https://repo1.maven.org/maven2/ch/qos/logback/logback-classic/1.4.6/logback-classic-1.4.6.jar
2023.12.07 18:35:28 INFO  BSP server: Downloading https://repo1.maven.org/maven2/net/openhft/zero-allocation-hashing/0.10.1/zero-allocation-hashing-0.10.1.jar
2023.12.07 18:35:28 INFO  BSP server: Downloaded https://repo1.maven.org/maven2/org/scala-sbt/sbinary_2.12/0.5.1/sbinary_2.12-0.5.1.jar
2023.12.07 18:35:28 INFO  BSP server: Downloading https://repo1.maven.org/maven2/io/monix/monix-java_2.12/3.2.0/monix-java_2.12-3.2.0.jar
2023.12.07 18:35:28 INFO  BSP server: Downloaded https://repo1.maven.org/maven2/org/slf4j/slf4j-api/2.0.6/slf4j-api-2.0.6.jar
2023.12.07 18:35:28 INFO  BSP server: Downloading https://repo1.maven.org/maven2/org/apache/logging/log4j/log4j-api/2.21.1/log4j-api-2.21.1.jar
2023.12.07 18:35:29 INFO  BSP server: Downloaded https://repo1.maven.org/maven2/ch/epfl/scala/bsp4s_2.12/2.1.0-M7/bsp4s_2.12-2.1.0-M7.jar
2023.12.07 18:35:29 INFO  BSP server: Downloading https://repo1.maven.org/maven2/com/eed3si9n/gigahorse-apache-http_2.12/0.7.0/gigahorse-apache-http_2.12-0.7.0.jar
2023.12.07 18:35:29 INFO  BSP server: Downloaded https://repo1.maven.org/maven2/net/openhft/zero-allocation-hashing/0.10.1/zero-allocation-hashing-0.10.1.jar
2023.12.07 18:35:29 INFO  BSP server: Downloading https://repo1.maven.org/maven2/org/fusesource/jansi/jansi/2.1.0/jansi-2.1.0.jar
2023.12.07 18:35:29 INFO  BSP server: Downloaded https://repo1.maven.org/maven2/io/monix/monix-java_2.12/3.2.0/monix-java_2.12-3.2.0.jar
2023.12.07 18:35:29 INFO  BSP server: Downloading https://repo1.maven.org/maven2/io/monix/monix-execution_2.12/3.2.0/monix-execution_2.12-3.2.0.jar
2023.12.07 18:35:29 INFO  BSP server: Downloaded https://repo1.maven.org/maven2/com/eed3si9n/gigahorse-apache-http_2.12/0.7.0/gigahorse-apache-http_2.12-0.7.0.jar
2023.12.07 18:35:29 INFO  BSP server: Downloading https://repo1.maven.org/maven2/com/lmax/disruptor/3.4.2/disruptor-3.4.2.jar
2023.12.07 18:35:29 INFO  BSP server: Downloaded https://repo1.maven.org/maven2/org/scala-sbt/ivy/ivy/2.3.0-sbt-396a783bba347016e7fe30dacc60d355be607fe2/ivy-2.3.0-sbt-396a783bba347016e7fe30dacc60d355be607fe2.jar
2023.12.07 18:35:29 INFO  BSP server: Downloading https://repo1.maven.org/maven2/net/jpountz/lz4/lz4/1.3.0/lz4-1.3.0.jar
2023.12.07 18:35:29 INFO  BSP server: Downloaded https://repo1.maven.org/maven2/org/apache/logging/log4j/log4j-api/2.21.1/log4j-api-2.21.1.jar
2023.12.07 18:35:29 INFO  BSP server: Downloading https://repo1.maven.org/maven2/io/monix/monix_2.12/3.2.0/monix_2.12-3.2.0.jar
2023.12.07 18:35:29 INFO  BSP server: Downloaded https://repo1.maven.org/maven2/com/lmax/disruptor/3.4.2/disruptor-3.4.2.jar
2023.12.07 18:35:29 INFO  BSP server: Downloading https://repo1.maven.org/maven2/io/zipkin/reporter2/zipkin-sender-urlconnection/2.16.4/zipkin-sender-urlconnection-2.16.4.jar
2023.12.07 18:35:29 INFO  BSP server: Downloaded https://repo1.maven.org/maven2/io/monix/monix_2.12/3.2.0/monix_2.12-3.2.0.jar
2023.12.07 18:35:29 INFO  BSP server: Downloading https://repo1.maven.org/maven2/org/scala-sbt/zinc-classpath_2.12/1.9.5/zinc-classpath_2.12-1.9.5.jar
2023.12.07 18:35:29 INFO  BSP server: Downloaded https://repo1.maven.org/maven2/io/monix/monix-execution_2.12/3.2.0/monix-execution_2.12-3.2.0.jar
2023.12.07 18:35:29 INFO  BSP server: Downloading https://repo1.maven.org/maven2/com/lihaoyi/sourcecode_2.12/0.3.1/sourcecode_2.12-0.3.1.jar
2023.12.07 18:35:29 INFO  BSP server: Downloaded https://repo1.maven.org/maven2/net/jpountz/lz4/lz4/1.3.0/lz4-1.3.0.jar
2023.12.07 18:35:29 INFO  BSP server: Downloading https://repo1.maven.org/maven2/io/github/alexarchambault/bleep/nailgun-server/1.0.7/nailgun-server-1.0.7.jar
2023.12.07 18:35:29 INFO  BSP server: Downloaded https://repo1.maven.org/maven2/org/fusesource/jansi/jansi/2.1.0/jansi-2.1.0.jar
2023.12.07 18:35:29 INFO  BSP server: Downloading https://repo1.maven.org/maven2/org/reactivestreams/reactive-streams/1.0.4/reactive-streams-1.0.4.jar
2023.12.07 18:35:30 INFO  BSP server: Downloaded https://repo1.maven.org/maven2/io/zipkin/reporter2/zipkin-sender-urlconnection/2.16.4/zipkin-sender-urlconnection-2.16.4.jar
2023.12.07 18:35:30 INFO  BSP server: Downloading https://repo1.maven.org/maven2/ch/epfl/scala/directory-watcher/0.8.0+6-f651bd93/directory-watcher-0.8.0+6-f651bd93.jar
2023.12.07 18:35:30 INFO  BSP server: Downloaded https://repo1.maven.org/maven2/org/scala-sbt/zinc-classpath_2.12/1.9.5/zinc-classpath_2.12-1.9.5.jar
2023.12.07 18:35:30 INFO  BSP server: Downloading https://repo1.maven.org/maven2/org/scala-lang/scala-library/2.12.18/scala-library-2.12.18.jar
2023.12.07 18:35:30 INFO  BSP server: Downloaded https://repo1.maven.org/maven2/com/lihaoyi/sourcecode_2.12/0.3.1/sourcecode_2.12-0.3.1.jar
2023.12.07 18:35:30 INFO  BSP server: Downloading https://repo1.maven.org/maven2/org/scala-sbt/collections_2.12/1.9.4/collections_2.12-1.9.4.jar
2023.12.07 18:35:30 INFO  BSP server: Downloaded https://repo1.maven.org/maven2/org/reactivestreams/reactive-streams/1.0.4/reactive-streams-1.0.4.jar
2023.12.07 18:35:30 INFO  BSP server: Downloading https://repo1.maven.org/maven2/com/typesafe/ssl-config-core_2.12/0.6.1/ssl-config-core_2.12-0.6.1.jar
2023.12.07 18:35:30 INFO  BSP server: Downloaded https://repo1.maven.org/maven2/ch/epfl/scala/directory-watcher/0.8.0+6-f651bd93/directory-watcher-0.8.0+6-f651bd93.jar
2023.12.07 18:35:30 INFO  BSP server: Downloading https://repo1.maven.org/maven2/io/github/alexarchambault/bleep/bloop-shared_2.12/1.5.11-sc-3/bloop-shared_2.12-1.5.11-sc-3.jar
2023.12.07 18:35:30 INFO  BSP server: Downloaded https://repo1.maven.org/maven2/io/github/alexarchambault/bleep/nailgun-server/1.0.7/nailgun-server-1.0.7.jar
2023.12.07 18:35:30 INFO  BSP server: Downloading https://repo1.maven.org/maven2/com/github/alexarchambault/case-app_2.12/2.0.6/case-app_2.12-2.0.6.jar
2023.12.07 18:35:30 INFO  BSP server: Downloaded https://repo1.maven.org/maven2/org/scala-sbt/collections_2.12/1.9.4/collections_2.12-1.9.4.jar
2023.12.07 18:35:30 INFO  BSP server: Downloading https://repo1.maven.org/maven2/com/eed3si9n/sjson-new-core_2.12/0.9.1/sjson-new-core_2.12-0.9.1.jar
2023.12.07 18:35:30 INFO  BSP server: Downloaded https://repo1.maven.org/maven2/io/github/alexarchambault/bleep/bloop-shared_2.12/1.5.11-sc-3/bloop-shared_2.12-1.5.11-sc-3.jar
2023.12.07 18:35:30 INFO  BSP server: Downloading https://repo1.maven.org/maven2/org/scala-sbt/zinc-core_2.12/1.9.5/zinc-core_2.12-1.9.5.jar
2023.12.07 18:35:30 INFO  BSP server: Downloaded https://repo1.maven.org/maven2/com/github/alexarchambault/case-app_2.12/2.0.6/case-app_2.12-2.0.6.jar
2023.12.07 18:35:30 INFO  BSP server: Downloading https://repo1.maven.org/maven2/org/typelevel/cats-effect_2.12/2.1.3/cats-effect_2.12-2.1.3.jar
2023.12.07 18:35:30 INFO  BSP server: Downloaded https://repo1.maven.org/maven2/com/typesafe/ssl-config-core_2.12/0.6.1/ssl-config-core_2.12-0.6.1.jar
2023.12.07 18:35:30 INFO  BSP server: Downloading https://repo1.maven.org/maven2/io/github/alexarchambault/libdaemon/libdaemon_2.12/0.0.11/libdaemon_2.12-0.0.11.jar
2023.12.07 18:35:32 INFO  BSP server: Downloaded https://repo1.maven.org/maven2/org/scala-sbt/zinc-core_2.12/1.9.5/zinc-core_2.12-1.9.5.jar
2023.12.07 18:35:32 INFO  BSP server: Downloading https://repo1.maven.org/maven2/org/scala-sbt/zinc-compile-core_2.12/1.9.5/zinc-compile-core_2.12-1.9.5.jar
2023.12.07 18:35:32 INFO  BSP server: Downloaded https://repo1.maven.org/maven2/com/eed3si9n/sjson-new-core_2.12/0.9.1/sjson-new-core_2.12-0.9.1.jar
2023.12.07 18:35:32 INFO  BSP server: Downloading https://repo1.maven.org/maven2/org/apache/commons/commons-lang3/3.13.0/commons-lang3-3.13.0.jar
2023.12.07 18:35:32 INFO  BSP server: Downloaded https://repo1.maven.org/maven2/io/github/alexarchambault/libdaemon/libdaemon_2.12/0.0.11/libdaemon_2.12-0.0.11.jar
2023.12.07 18:35:32 INFO  BSP server: Downloading https://repo1.maven.org/maven2/io/monix/implicitbox_2.12/0.2.0/implicitbox_2.12-0.2.0.jar
2023.12.07 18:35:32 INFO  BSP server: Downloaded https://repo1.maven.org/maven2/org/scala-sbt/zinc-compile-core_2.12/1.9.5/zinc-compile-core_2.12-1.9.5.jar
2023.12.07 18:35:32 INFO  BSP server: Downloading https://repo1.maven.org/maven2/ch/epfl/scala/scala-debug-adapter_2.12/3.1.4/scala-debug-adapter_2.12-3.1.4.jar
2023.12.07 18:35:32 INFO  BSP server: Downloaded https://repo1.maven.org/maven2/io/monix/implicitbox_2.12/0.2.0/implicitbox_2.12-0.2.0.jar
2023.12.07 18:35:32 INFO  BSP server: Downloading https://repo1.maven.org/maven2/com/chuusai/shapeless_2.12/2.3.3/shapeless_2.12-2.3.3.jar
2023.12.07 18:35:33 INFO  BSP server: Downloaded https://repo1.maven.org/maven2/org/apache/commons/commons-lang3/3.13.0/commons-lang3-3.13.0.jar
2023.12.07 18:35:33 INFO  BSP server: Downloading https://repo1.maven.org/maven2/org/scala-sbt/jline/jline/2.14.7-sbt-a1b0ffbb8f64bb820f4f84a0c07a0c0964507493/jline-2.14.7-sbt-a1b0ffbb8f64bb820f4f84a0c07a0c0964507493.jar
2023.12.07 18:35:33 INFO  BSP server: Downloaded https://repo1.maven.org/maven2/org/typelevel/cats-effect_2.12/2.1.3/cats-effect_2.12-2.1.3.jar
2023.12.07 18:35:33 INFO  BSP server: Downloading https://repo1.maven.org/maven2/org/scala-sbt/zinc_2.12/1.9.5/zinc_2.12-1.9.5.jar
2023.12.07 18:35:33 INFO  BSP server: Downloaded https://repo1.maven.org/maven2/org/scala-sbt/jline/jline/2.14.7-sbt-a1b0ffbb8f64bb820f4f84a0c07a0c0964507493/jline-2.14.7-sbt-a1b0ffbb8f64bb820f4f84a0c07a0c0964507493.jar
2023.12.07 18:35:33 INFO  BSP server: Downloading https://repo1.maven.org/maven2/io/zipkin/brave/brave/5.16.0/brave-5.16.0.jar
2023.12.07 18:35:33 INFO  BSP server: Downloaded https://repo1.maven.org/maven2/ch/epfl/scala/scala-debug-adapter_2.12/3.1.4/scala-debug-adapter_2.12-3.1.4.jar
2023.12.07 18:35:33 INFO  BSP server: Downloading https://repo1.maven.org/maven2/io/get-coursier/interface/1.0.13/interface-1.0.13.jar
2023.12.07 18:35:33 INFO  BSP server: Downloaded https://repo1.maven.org/maven2/org/scala-sbt/zinc_2.12/1.9.5/zinc_2.12-1.9.5.jar
2023.12.07 18:35:33 INFO  BSP server: Downloading https://repo1.maven.org/maven2/org/scala-sbt/librarymanagement-ivy_2.12/1.9.3/librarymanagement-ivy_2.12-1.9.3.jar
2023.12.07 18:35:35 INFO  BSP server: Downloaded https://repo1.maven.org/maven2/io/zipkin/brave/brave/5.16.0/brave-5.16.0.jar
2023.12.07 18:35:35 INFO  BSP server: Downloading https://repo1.maven.org/maven2/org/jline/jline-terminal-jansi/3.19.0/jline-terminal-jansi-3.19.0.jar
2023.12.07 18:35:36 INFO  BSP server: Downloaded https://repo1.maven.org/maven2/org/jline/jline-terminal-jansi/3.19.0/jline-terminal-jansi-3.19.0.jar
2023.12.07 18:35:36 INFO  BSP server: Downloaded https://repo1.maven.org/maven2/org/scala-sbt/librarymanagement-ivy_2.12/1.9.3/librarymanagement-ivy_2.12-1.9.3.jar
2023.12.07 18:35:37 INFO  BSP server: Downloaded https://repo1.maven.org/maven2/org/scala-lang/scala-library/2.12.18/scala-library-2.12.18.jar
2023.12.07 18:35:38 INFO  BSP server: Downloaded https://repo1.maven.org/maven2/org/scalaz/scalaz-core_2.12/7.3.7/scalaz-core_2.12-7.3.7.jar
2023.12.07 18:35:39 INFO  BSP server: Downloaded https://repo1.maven.org/maven2/com/chuusai/shapeless_2.12/2.3.3/shapeless_2.12-2.3.3.jar
2023.12.07 18:35:39 INFO  BSP server: Downloaded https://repo1.maven.org/maven2/io/get-coursier/interface/1.0.13/interface-1.0.13.jar
2023.12.07 18:35:39 INFO  BSP server: Starting compilation server
2023.12.07 18:35:44 INFO  BSP server: Downloading https://repo1.maven.org/maven2/org/scala-lang/scala-library/2.13.10/scala-library-2.13.10-sources.jar
2023.12.07 18:35:44 INFO  BSP server: (watching) Downloaded https://repo1.maven.org/maven2/org/scala-lang/scala-library/2.13.10/scala-library-2.13.10-sources.jar
2023.12.07 18:35:44 INFO  BSP server: Downloading https://repo1.maven.org/maven2/com/sourcegraph/semanticdb-javac/0.7.4/semanticdb-javac-0.7.4.pom
2023.12.07 18:35:44 INFO  BSP server: Downloaded https://repo1.maven.org/maven2/com/sourcegraph/semanticdb-javac/0.7.4/semanticdb-javac-0.7.4.pom
2023.12.07 18:35:44 INFO  BSP server: Downloading https://repo1.maven.org/maven2/com/sourcegraph/semanticdb-javac/0.7.4/semanticdb-javac-0.7.4.jar
2023.12.07 18:35:46 INFO  BSP server: Downloaded https://repo1.maven.org/maven2/com/sourcegraph/semanticdb-javac/0.7.4/semanticdb-javac-0.7.4.jar
2023.12.07 18:35:46 INFO  time: Connected to build server in 36s
2023.12.07 18:35:46 INFO  Connected to Build server: scala-cli v1.1.0
2023.12.07 18:35:48 INFO  compiling esempilezioni_bd2c96d2de (3 scala sources)
2023.12.07 18:35:55 INFO  no build target found for /home/sam/Desktop/LinguaggiDiProg/Scala/EsempiLezioni/Rational.scala. Using presentation compiler with project's scala-library version: 3.3.1
Dec 07, 2023 6:35:56 PM org.eclipse.lsp4j.jsonrpc.RemoteEndpoint handleCancellation
WARNING: Unmatched cancel notification for request id 14
Dec 07, 2023 6:35:56 PM org.eclipse.lsp4j.jsonrpc.RemoteEndpoint handleCancellation
WARNING: Unmatched cancel notification for request id 17
Dec 07, 2023 6:35:56 PM org.eclipse.lsp4j.jsonrpc.RemoteEndpoint handleCancellation
WARNING: Unmatched cancel notification for request id 18
Dec 07, 2023 6:35:56 PM org.eclipse.lsp4j.jsonrpc.RemoteEndpoint handleCancellation
WARNING: Unmatched cancel notification for request id 21
Dec 07, 2023 6:35:56 PM org.eclipse.lsp4j.jsonrpc.RemoteEndpoint handleCancellation
WARNING: Unmatched cancel notification for request id 22
Dec 07, 2023 6:35:57 PM org.eclipse.lsp4j.jsonrpc.RemoteEndpoint handleCancellation
WARNING: Unmatched cancel notification for request id 25
Dec 07, 2023 6:35:57 PM org.eclipse.lsp4j.jsonrpc.RemoteEndpoint handleCancellation
WARNING: Unmatched cancel notification for request id 38
Dec 07, 2023 6:35:57 PM org.eclipse.lsp4j.jsonrpc.RemoteEndpoint handleCancellation
WARNING: Unmatched cancel notification for request id 41
2023.12.07 18:36:02 INFO  no build target found for /home/sam/Desktop/LinguaggiDiProg/Scala/EsempiLezioni/Rational.scala. Using presentation compiler with project's scala-library version: 3.3.1
Dec 07, 2023 6:36:03 PM org.eclipse.lsp4j.jsonrpc.RemoteEndpoint handleCancellation
WARNING: Unmatched cancel notification for request id 45
Dec 07, 2023 6:36:03 PM org.eclipse.lsp4j.jsonrpc.RemoteEndpoint handleCancellation
WARNING: Unmatched cancel notification for request id 48
Dec 07, 2023 6:36:03 PM org.eclipse.lsp4j.jsonrpc.RemoteEndpoint handleCancellation
WARNING: Unmatched cancel notification for request id 51
Dec 07, 2023 6:36:03 PM org.eclipse.lsp4j.jsonrpc.RemoteEndpoint handleCancellation
WARNING: Unmatched cancel notification for request id 54
2023.12.07 18:36:03 INFO  time: Imported build in 7.69s
2023.12.07 18:36:03 INFO  compiling esempilezioni_bd2c96d2de (3 scala sources)
Dec 07, 2023 6:36:03 PM org.eclipse.lsp4j.jsonrpc.RemoteEndpoint handleCancellation
WARNING: Unmatched cancel notification for request id 58
Dec 07, 2023 6:36:03 PM org.eclipse.lsp4j.jsonrpc.RemoteEndpoint handleCancellation
WARNING: Unmatched cancel notification for request id 63
Dec 07, 2023 6:36:04 PM org.eclipse.lsp4j.jsonrpc.RemoteEndpoint handleCancellation
WARNING: Unmatched cancel notification for request id 66
Dec 07, 2023 6:36:04 PM org.eclipse.lsp4j.jsonrpc.RemoteEndpoint handleCancellation
WARNING: Unmatched cancel notification for request id 67
Dec 07, 2023 6:36:04 PM org.eclipse.lsp4j.jsonrpc.RemoteEndpoint handleCancellation
WARNING: Unmatched cancel notification for request id 70
Dec 07, 2023 6:36:05 PM org.eclipse.lsp4j.jsonrpc.RemoteEndpoint handleCancellation
WARNING: Unmatched cancel notification for request id 71
Dec 07, 2023 6:36:05 PM org.eclipse.lsp4j.jsonrpc.RemoteEndpoint handleCancellation
WARNING: Unmatched cancel notification for request id 78
2023.12.07 18:36:06 INFO  time: compiled EsempiLezioni_bd2c96d2de in 2.49s
2023.12.07 18:36:10 WARN  Could not find java sources in /usr/lib/jvm/src.zip, /usr/lib/jvm/lib/src.zip, /usr/lib/jvm/java-17-openjdk-amd64/src.zip, /usr/lib/jvm/java-17-openjdk-amd64/lib/src.zip, /usr/lib/jvm/src.zip, /usr/lib/jvm/lib/src.zip, /usr/lib/jvm/java-17-openjdk-amd64/src.zip, /usr/lib/jvm/java-17-openjdk-amd64/lib/src.zip. Java symbols will not be available.
2023.12.07 18:36:12 WARN  Could not find java sources in /usr/lib/jvm/src.zip, /usr/lib/jvm/lib/src.zip, /usr/lib/jvm/java-17-openjdk-amd64/src.zip, /usr/lib/jvm/java-17-openjdk-amd64/lib/src.zip, /usr/lib/jvm/src.zip, /usr/lib/jvm/lib/src.zip, /usr/lib/jvm/java-17-openjdk-amd64/src.zip, /usr/lib/jvm/java-17-openjdk-amd64/lib/src.zip. Java symbols will not be available.
2023.12.07 18:36:12 WARN  Could not find java sources in /usr/lib/jvm/src.zip, /usr/lib/jvm/lib/src.zip, /usr/lib/jvm/java-17-openjdk-amd64/src.zip, /usr/lib/jvm/java-17-openjdk-amd64/lib/src.zip, /usr/lib/jvm/src.zip, /usr/lib/jvm/lib/src.zip, /usr/lib/jvm/java-17-openjdk-amd64/src.zip, /usr/lib/jvm/java-17-openjdk-amd64/lib/src.zip. Java symbols will not be available.
2023.12.07 18:36:12 INFO  time: indexed workspace in 8.71s
2023.12.07 18:36:13 INFO  compiling esempilezioni_bd2c96d2de (3 scala sources)
2023.12.07 18:36:15 INFO  time: compiled EsempiLezioni_bd2c96d2de in 2.31s
2023.12.07 18:36:15 INFO  compiling esempilezioni_bd2c96d2de (3 scala sources)
2023.12.07 18:36:17 INFO  time: compiled EsempiLezioni_bd2c96d2de in 1.45s
2023.12.07 18:36:17 INFO  compiling esempilezioni_bd2c96d2de (3 scala sources)
2023.12.07 18:36:19 INFO  time: compiled EsempiLezioni_bd2c96d2de in 1.45s
2023.12.07 18:36:54 INFO  compiling esempilezioni_bd2c96d2de (3 scala sources)
2023.12.07 18:36:54 INFO  time: compiled EsempiLezioni_bd2c96d2de in 0.55s
2023.12.07 18:36:59 INFO  Shutting down server
2023.12.07 18:36:59 INFO  shutting down Metals
2023.12.07 18:36:59 INFO  Shut down connection with build server.
2023.12.07 18:36:59 INFO  Exiting server
